<?xml version="1.0" encoding="UTF-8"?>
<testsuite xmlns:xsi="http://www.w3.org/2001/XMLSchema-instance" xsi:noNamespaceSchemaLocation="https://maven.apache.org/surefire/maven-surefire-plugin/xsd/surefire-test-report-3.0.xsd" version="3.0" name="com.xiangqi.shared.engine.GameErrorHandlingTest" time="0.012" tests="4" errors="0" skipped="0" failures="0">
  <properties>
[...]
</properties>
  <testcase name="testInvalidMoveReasonGeneration" classname="com.xiangqi.shared.engine.GameErrorHandlingTest" time="0.003">
    <system-err><![CDATA[12月 16, 2025 10:12:20 下午 com.xiangqi.shared.engine.ChessEngine executeMove
警告: Invalid move attempted: Move{from=Position{4,4}, to=Position{5,4}, piece=SOLDIER} - No piece at source position: Position{4,4}
12月 16, 2025 10:12:20 下午 com.xiangqi.shared.engine.GameErrorLogger logInvalidMove
警告: Invalid move: [2025-12-16 22:12:20.504] Player: red_player | Move: Move{from=Position{4,4}, to=Position{5,4}, piece=SOLDIER} | Reason: No piece at source position: Position{4,4} | Current Player: RedUser | Game Status: IN_PROGRESS | Move Count: 0
12月 16, 2025 10:12:20 下午 com.xiangqi.shared.engine.ChessEngine executeMove
警告: Invalid move attempted: Move{from=Position{3,0}, to=Position{4,0}, piece=SOLDIER} - Not your turn - current player is RedUser
12月 16, 2025 10:12:20 下午 com.xiangqi.shared.engine.GameErrorLogger logInvalidMove
警告: Invalid move: [2025-12-16 22:12:20.505] Player: black_player | Move: Move{from=Position{3,0}, to=Position{4,0}, piece=SOLDIER} | Reason: Not your turn - current player is RedUser | Current Player: RedUser | Game Status: IN_PROGRESS | Move Count: 0
]]></system-err>
  </testcase>
  <testcase name="testErrorEventNotification" classname="com.xiangqi.shared.engine.GameErrorHandlingTest" time="0.002">
    <system-err><![CDATA[12月 16, 2025 10:12:20 下午 com.xiangqi.shared.engine.ChessEngine executeMove
警告: Invalid move attempted: Move{from=Position{4,4}, to=Position{5,4}, piece=SOLDIER} - No piece at source position: Position{4,4}
12月 16, 2025 10:12:20 下午 com.xiangqi.shared.engine.GameErrorLogger logInvalidMove
警告: Invalid move: [2025-12-16 22:12:20.508] Player: red_player | Move: Move{from=Position{4,4}, to=Position{5,4}, piece=SOLDIER} | Reason: No piece at source position: Position{4,4} | Current Player: RedUser | Game Status: IN_PROGRESS | Move Count: 0
]]></system-err>
  </testcase>
  <testcase name="testGameStateRecovery" classname="com.xiangqi.shared.engine.GameErrorHandlingTest" time="0.002">
    <system-err><![CDATA[12月 16, 2025 10:12:20 下午 com.xiangqi.shared.engine.ChessEngine executeMove
信息: Move executed successfully: Move{from=Position{6,0}, to=Position{5,0}, piece=SOLDIER}
12月 16, 2025 10:12:20 下午 com.xiangqi.shared.engine.ChessEngine recoverGameState
信息: Game state recovered successfully
]]></system-err>
  </testcase>
  <testcase name="testInvalidMoveErrorHandling" classname="com.xiangqi.shared.engine.GameErrorHandlingTest" time="0.003">
    <system-err><![CDATA[12月 16, 2025 10:12:20 下午 com.xiangqi.shared.engine.ChessEngine executeMove
警告: Invalid move attempted: Move{from=Position{4,4}, to=Position{5,4}, piece=SOLDIER} - No piece at source position: Position{4,4}
12月 16, 2025 10:12:20 下午 com.xiangqi.shared.engine.GameErrorLogger logInvalidMove
警告: Invalid move: [2025-12-16 22:12:20.513] Player: red_player | Move: Move{from=Position{4,4}, to=Position{5,4}, piece=SOLDIER} | Reason: No piece at source position: Position{4,4} | Current Player: RedUser | Game Status: IN_PROGRESS | Move Count: 0
]]></system-err>
  </testcase>
</testsuite>