<?xml version="1.0" encoding="UTF-8"?>
<testsuite xmlns:xsi="http://www.w3.org/2001/XMLSchema-instance" xsi:noNamespaceSchemaLocation="https://maven.apache.org/surefire/maven-surefire-plugin/xsd/surefire-test-report-3.0.xsd" version="3.0" name="com.xiangqi.client.ui.ChessBoardPanelTest" time="0.224" tests="4" errors="0" skipped="0" failures="0">
  <properties>
[...]
</properties>
  <testcase name="testSetBoardEventListener" classname="com.xiangqi.client.ui.ChessBoardPanelTest" time="0.199">
    <system-err><![CDATA[Image file not found: C:\Users\dolphin chan\Desktop\JAVA_ChessProject\xiangqi-client\source\qizi\1.gif
Image file not found: C:\Users\dolphin chan\Desktop\JAVA_ChessProject\xiangqi-client\source\qizi\2.gif
Image file not found: C:\Users\dolphin chan\Desktop\JAVA_ChessProject\xiangqi-client\source\qizi\4.gif
Image file not found: C:\Users\dolphin chan\Desktop\JAVA_ChessProject\xiangqi-client\source\qizi\6.gif
Image file not found: C:\Users\dolphin chan\Desktop\JAVA_ChessProject\xiangqi-client\source\qizi\8.gif
Image file not found: C:\Users\dolphin chan\Desktop\JAVA_ChessProject\xiangqi-client\source\qizi\10.gif
Image file not found: C:\Users\dolphin chan\Desktop\JAVA_ChessProject\xiangqi-client\source\qizi\12.gif
Image file not found: C:\Users\dolphin chan\Desktop\JAVA_ChessProject\xiangqi-client\source\qizi\17.gif
Image file not found: C:\Users\dolphin chan\Desktop\JAVA_ChessProject\xiangqi-client\source\qizi\18.gif
Image file not found: C:\Users\dolphin chan\Desktop\JAVA_ChessProject\xiangqi-client\source\qizi\20.gif
Image file not found: C:\Users\dolphin chan\Desktop\JAVA_ChessProject\xiangqi-client\source\qizi\22.gif
Image file not found: C:\Users\dolphin chan\Desktop\JAVA_ChessProject\xiangqi-client\source\qizi\24.gif
Image file not found: C:\Users\dolphin chan\Desktop\JAVA_ChessProject\xiangqi-client\source\qizi\26.gif
Image file not found: C:\Users\dolphin chan\Desktop\JAVA_ChessProject\xiangqi-client\source\qizi\28.gif
]]></system-err>
  </testcase>
  <testcase name="testClearSelection" classname="com.xiangqi.client.ui.ChessBoardPanelTest" time="0.005">
    <system-err><![CDATA[Image file not found: C:\Users\dolphin chan\Desktop\JAVA_ChessProject\xiangqi-client\source\qizi\1.gif
Image file not found: C:\Users\dolphin chan\Desktop\JAVA_ChessProject\xiangqi-client\source\qizi\2.gif
Image file not found: C:\Users\dolphin chan\Desktop\JAVA_ChessProject\xiangqi-client\source\qizi\4.gif
Image file not found: C:\Users\dolphin chan\Desktop\JAVA_ChessProject\xiangqi-client\source\qizi\6.gif
Image file not found: C:\Users\dolphin chan\Desktop\JAVA_ChessProject\xiangqi-client\source\qizi\8.gif
Image file not found: C:\Users\dolphin chan\Desktop\JAVA_ChessProject\xiangqi-client\source\qizi\10.gif
Image file not found: C:\Users\dolphin chan\Desktop\JAVA_ChessProject\xiangqi-client\source\qizi\12.gif
Image file not found: C:\Users\dolphin chan\Desktop\JAVA_ChessProject\xiangqi-client\source\qizi\17.gif
Image file not found: C:\Users\dolphin chan\Desktop\JAVA_ChessProject\xiangqi-client\source\qizi\18.gif
Image file not found: C:\Users\dolphin chan\Desktop\JAVA_ChessProject\xiangqi-client\source\qizi\20.gif
Image file not found: C:\Users\dolphin chan\Desktop\JAVA_ChessProject\xiangqi-client\source\qizi\22.gif
Image file not found: C:\Users\dolphin chan\Desktop\JAVA_ChessProject\xiangqi-client\source\qizi\24.gif
Image file not found: C:\Users\dolphin chan\Desktop\JAVA_ChessProject\xiangqi-client\source\qizi\26.gif
Image file not found: C:\Users\dolphin chan\Desktop\JAVA_ChessProject\xiangqi-client\source\qizi\28.gif
]]></system-err>
  </testcase>
  <testcase name="testBoardPanelCreation" classname="com.xiangqi.client.ui.ChessBoardPanelTest" time="0.007">
    <system-err><![CDATA[Image file not found: C:\Users\dolphin chan\Desktop\JAVA_ChessProject\xiangqi-client\source\qizi\1.gif
Image file not found: C:\Users\dolphin chan\Desktop\JAVA_ChessProject\xiangqi-client\source\qizi\2.gif
Image file not found: C:\Users\dolphin chan\Desktop\JAVA_ChessProject\xiangqi-client\source\qizi\4.gif
Image file not found: C:\Users\dolphin chan\Desktop\JAVA_ChessProject\xiangqi-client\source\qizi\6.gif
Image file not found: C:\Users\dolphin chan\Desktop\JAVA_ChessProject\xiangqi-client\source\qizi\8.gif
Image file not found: C:\Users\dolphin chan\Desktop\JAVA_ChessProject\xiangqi-client\source\qizi\10.gif
Image file not found: C:\Users\dolphin chan\Desktop\JAVA_ChessProject\xiangqi-client\source\qizi\12.gif
Image file not found: C:\Users\dolphin chan\Desktop\JAVA_ChessProject\xiangqi-client\source\qizi\17.gif
Image file not found: C:\Users\dolphin chan\Desktop\JAVA_ChessProject\xiangqi-client\source\qizi\18.gif
Image file not found: C:\Users\dolphin chan\Desktop\JAVA_ChessProject\xiangqi-client\source\qizi\20.gif
Image file not found: C:\Users\dolphin chan\Desktop\JAVA_ChessProject\xiangqi-client\source\qizi\22.gif
Image file not found: C:\Users\dolphin chan\Desktop\JAVA_ChessProject\xiangqi-client\source\qizi\24.gif
Image file not found: C:\Users\dolphin chan\Desktop\JAVA_ChessProject\xiangqi-client\source\qizi\26.gif
Image file not found: C:\Users\dolphin chan\Desktop\JAVA_ChessProject\xiangqi-client\source\qizi\28.gif
]]></system-err>
  </testcase>
  <testcase name="testUpdateGameState" classname="com.xiangqi.client.ui.ChessBoardPanelTest" time="0.008">
    <system-err><![CDATA[Image file not found: C:\Users\dolphin chan\Desktop\JAVA_ChessProject\xiangqi-client\source\qizi\1.gif
Image file not found: C:\Users\dolphin chan\Desktop\JAVA_ChessProject\xiangqi-client\source\qizi\2.gif
Image file not found: C:\Users\dolphin chan\Desktop\JAVA_ChessProject\xiangqi-client\source\qizi\4.gif
Image file not found: C:\Users\dolphin chan\Desktop\JAVA_ChessProject\xiangqi-client\source\qizi\6.gif
Image file not found: C:\Users\dolphin chan\Desktop\JAVA_ChessProject\xiangqi-client\source\qizi\8.gif
Image file not found: C:\Users\dolphin chan\Desktop\JAVA_ChessProject\xiangqi-client\source\qizi\10.gif
Image file not found: C:\Users\dolphin chan\Desktop\JAVA_ChessProject\xiangqi-client\source\qizi\12.gif
Image file not found: C:\Users\dolphin chan\Desktop\JAVA_ChessProject\xiangqi-client\source\qizi\17.gif
Image file not found: C:\Users\dolphin chan\Desktop\JAVA_ChessProject\xiangqi-client\source\qizi\18.gif
Image file not found: C:\Users\dolphin chan\Desktop\JAVA_ChessProject\xiangqi-client\source\qizi\20.gif
Image file not found: C:\Users\dolphin chan\Desktop\JAVA_ChessProject\xiangqi-client\source\qizi\22.gif
Image file not found: C:\Users\dolphin chan\Desktop\JAVA_ChessProject\xiangqi-client\source\qizi\24.gif
Image file not found: C:\Users\dolphin chan\Desktop\JAVA_ChessProject\xiangqi-client\source\qizi\26.gif
Image file not found: C:\Users\dolphin chan\Desktop\JAVA_ChessProject\xiangqi-client\source\qizi\28.gif
]]></system-err>
  </testcase>
</testsuite>