<?xml version="1.0" encoding="UTF-8"?>
<testsuite xmlns:xsi="http://www.w3.org/2001/XMLSchema-instance" xsi:noNamespaceSchemaLocation="https://maven.apache.org/surefire/maven-surefire-plugin/xsd/surefire-test-report-3.0.xsd" version="3.0" name="com.xiangqi.server.network.GameServerTest" time="6.334" tests="8" errors="0" skipped="0" failures="0">
  <properties>
[...]
</properties>
  <testcase name="testBroadcastToNonExistentGame" classname="com.xiangqi.server.network.GameServerTest" time="0.011">
    <system-err><![CDATA[12月 17, 2025 6:17:02 下午 com.xiangqi.server.network.GameServer broadcastToGame
警告: GameSession not found for gameId: non-existent
]]></system-err>
  </testcase>
  <testcase name="testServerStartAndStop" classname="com.xiangqi.server.network.GameServerTest" time="0.005">
    <system-err><![CDATA[12月 17, 2025 6:17:02 下午 com.xiangqi.server.network.GameServer startServer
信息: Game server started on port 8889
12月 17, 2025 6:17:02 下午 com.xiangqi.server.network.GameServer stopServer
信息: Game server stopped
]]></system-err>
  </testcase>
  <testcase name="testStopServerWhenNotRunning" classname="com.xiangqi.server.network.GameServerTest" time="0.002"/>
  <testcase name="testServerInitialization" classname="com.xiangqi.server.network.GameServerTest" time="0.003"/>
  <testcase name="testSendToNonExistentClient" classname="com.xiangqi.server.network.GameServerTest" time="0.004">
    <system-err><![CDATA[12月 17, 2025 6:17:02 下午 com.xiangqi.server.network.GameServer sendToClient
警告: Attempted to send message to non-existent client: non-existent
]]></system-err>
  </testcase>
  <testcase name="testConcurrentConnectionHandling" classname="com.xiangqi.server.network.GameServerTest" time="6.287">
    <system-err><![CDATA[12月 17, 2025 6:17:02 下午 com.xiangqi.server.network.GameServer startServer
信息: Game server started on port 8892
12月 17, 2025 6:17:03 下午 com.xiangqi.server.network.GameServer acceptConnections
信息: New client connection: client-1 from /127.0.0.1:9397
12月 17, 2025 6:17:03 下午 com.xiangqi.server.network.ClientHandler initialize
信息: Client handler initialized for client: client-1
12月 17, 2025 6:17:03 下午 com.xiangqi.server.network.GameServer acceptConnections
信息: New client connection: client-2 from /127.0.0.1:9396
12月 17, 2025 6:17:03 下午 com.xiangqi.server.network.ClientHandler run
信息: Client handler started for: client-1
12月 17, 2025 6:17:03 下午 com.xiangqi.server.network.ClientHandler initialize
信息: Client handler initialized for client: client-2
12月 17, 2025 6:17:03 下午 com.xiangqi.server.network.ClientHandler run
信息: Client handler started for: client-2
12月 17, 2025 6:17:03 下午 com.xiangqi.server.network.ClientHandler run
警告: Error receiving message from client client-1
java.io.EOFException
	at java.base/java.io.ObjectInputStream$BlockDataInputStream.peekByte(ObjectInputStream.java:3232)
	at java.base/java.io.ObjectInputStream.readObject0(ObjectInputStream.java:1713)
	at java.base/java.io.ObjectInputStream.readObject(ObjectInputStream.java:540)
	at java.base/java.io.ObjectInputStream.readObject(ObjectInputStream.java:498)
	at com.xiangqi.server.network.ClientHandler.run(ClientHandler.java:87)
	at java.base/java.util.concurrent.ThreadPoolExecutor.runWorker(ThreadPoolExecutor.java:1144)
	at java.base/java.util.concurrent.ThreadPoolExecutor$Worker.run(ThreadPoolExecutor.java:642)
	at java.base/java.lang.Thread.run(Thread.java:1583)

12月 17, 2025 6:17:03 下午 com.xiangqi.server.network.ClientHandler run
警告: Error receiving message from client client-2
java.io.EOFException
	at java.base/java.io.ObjectInputStream$BlockDataInputStream.peekByte(ObjectInputStream.java:3232)
	at java.base/java.io.ObjectInputStream.readObject0(ObjectInputStream.java:1713)
	at java.base/java.io.ObjectInputStream.readObject(ObjectInputStream.java:540)
	at java.base/java.io.ObjectInputStream.readObject(ObjectInputStream.java:498)
	at com.xiangqi.server.network.ClientHandler.run(ClientHandler.java:87)
	at java.base/java.util.concurrent.ThreadPoolExecutor.runWorker(ThreadPoolExecutor.java:1144)
	at java.base/java.util.concurrent.ThreadPoolExecutor$Worker.run(ThreadPoolExecutor.java:642)
	at java.base/java.lang.Thread.run(Thread.java:1583)

12月 17, 2025 6:17:03 下午 com.xiangqi.server.network.GameServer removeClient
信息: Removed client: client-1
12月 17, 2025 6:17:03 下午 com.xiangqi.server.network.ClientHandler run
信息: Client handler stopped for: client-1
12月 17, 2025 6:17:03 下午 com.xiangqi.server.network.GameServer removeClient
信息: Removed client: client-2
12月 17, 2025 6:17:03 下午 com.xiangqi.server.network.ClientHandler run
信息: Client handler stopped for: client-2
12月 17, 2025 6:17:04 下午 com.xiangqi.server.network.GameServer stopServer
信息: Game server stopped
12月 17, 2025 6:17:04 下午 com.xiangqi.server.network.GameServer startServer
信息: Game server started on port 8895
12月 17, 2025 6:17:04 下午 com.xiangqi.server.network.GameServer acceptConnections
信息: New client connection: client-1 from /127.0.0.1:9401
12月 17, 2025 6:17:04 下午 com.xiangqi.server.network.ClientHandler initialize
信息: Client handler initialized for client: client-1
12月 17, 2025 6:17:04 下午 com.xiangqi.server.network.GameServer acceptConnections
信息: New client connection: client-2 from /127.0.0.1:9400
12月 17, 2025 6:17:04 下午 com.xiangqi.server.network.ClientHandler run
信息: Client handler started for: client-1
12月 17, 2025 6:17:04 下午 com.xiangqi.server.network.ClientHandler initialize
信息: Client handler initialized for client: client-2
12月 17, 2025 6:17:04 下午 com.xiangqi.server.network.GameServer acceptConnections
信息: New client connection: client-3 from /127.0.0.1:9399
12月 17, 2025 6:17:04 下午 com.xiangqi.server.network.ClientHandler run
信息: Client handler started for: client-2
12月 17, 2025 6:17:04 下午 com.xiangqi.server.network.ClientHandler initialize
信息: Client handler initialized for client: client-3
12月 17, 2025 6:17:04 下午 com.xiangqi.server.network.GameServer acceptConnections
信息: New client connection: client-4 from /127.0.0.1:9402
12月 17, 2025 6:17:04 下午 com.xiangqi.server.network.ClientHandler run
信息: Client handler started for: client-3
12月 17, 2025 6:17:04 下午 com.xiangqi.server.network.ClientHandler initialize
信息: Client handler initialized for client: client-4
12月 17, 2025 6:17:04 下午 com.xiangqi.server.network.GameServer acceptConnections
信息: New client connection: client-5 from /127.0.0.1:9403
12月 17, 2025 6:17:04 下午 com.xiangqi.server.network.ClientHandler initialize
信息: Client handler initialized for client: client-5
12月 17, 2025 6:17:04 下午 com.xiangqi.server.network.ClientHandler run
信息: Client handler started for: client-4
12月 17, 2025 6:17:04 下午 com.xiangqi.server.network.ClientHandler run
信息: Client handler started for: client-5
12月 17, 2025 6:17:05 下午 com.xiangqi.server.network.ClientHandler run
警告: Error receiving message from client client-1
java.io.EOFException
	at java.base/java.io.ObjectInputStream$BlockDataInputStream.peekByte(ObjectInputStream.java:3232)
	at java.base/java.io.ObjectInputStream.readObject0(ObjectInputStream.java:1713)
	at java.base/java.io.ObjectInputStream.readObject(ObjectInputStream.java:540)
	at java.base/java.io.ObjectInputStream.readObject(ObjectInputStream.java:498)
	at com.xiangqi.server.network.ClientHandler.run(ClientHandler.java:87)
	at java.base/java.util.concurrent.ThreadPoolExecutor.runWorker(ThreadPoolExecutor.java:1144)
	at java.base/java.util.concurrent.ThreadPoolExecutor$Worker.run(ThreadPoolExecutor.java:642)
	at java.base/java.lang.Thread.run(Thread.java:1583)

12月 17, 2025 6:17:05 下午 com.xiangqi.server.network.ClientHandler run
警告: Error receiving message from client client-2
java.io.EOFException
	at java.base/java.io.ObjectInputStream$BlockDataInputStream.peekByte(ObjectInputStream.java:3232)
	at java.base/java.io.ObjectInputStream.readObject0(ObjectInputStream.java:1713)
	at java.base/java.io.ObjectInputStream.readObject(ObjectInputStream.java:540)
	at java.base/java.io.ObjectInputStream.readObject(ObjectInputStream.java:498)
	at com.xiangqi.server.network.ClientHandler.run(ClientHandler.java:87)
	at java.base/java.util.concurrent.ThreadPoolExecutor.runWorker(ThreadPoolExecutor.java:1144)
	at java.base/java.util.concurrent.ThreadPoolExecutor$Worker.run(ThreadPoolExecutor.java:642)
	at java.base/java.lang.Thread.run(Thread.java:1583)

12月 17, 2025 6:17:05 下午 com.xiangqi.server.network.ClientHandler run
警告: Error receiving message from client client-3
java.io.EOFException
	at java.base/java.io.ObjectInputStream$BlockDataInputStream.peekByte(ObjectInputStream.java:3232)
	at java.base/java.io.ObjectInputStream.readObject0(ObjectInputStream.java:1713)
	at java.base/java.io.ObjectInputStream.readObject(ObjectInputStream.java:540)
	at java.base/java.io.ObjectInputStream.readObject(ObjectInputStream.java:498)
	at com.xiangqi.server.network.ClientHandler.run(ClientHandler.java:87)
	at java.base/java.util.concurrent.ThreadPoolExecutor.runWorker(ThreadPoolExecutor.java:1144)
	at java.base/java.util.concurrent.ThreadPoolExecutor$Worker.run(ThreadPoolExecutor.java:642)
	at java.base/java.lang.Thread.run(Thread.java:1583)

12月 17, 2025 6:17:05 下午 com.xiangqi.server.network.GameServer removeClient
信息: Removed client: client-3
12月 17, 2025 6:17:05 下午 com.xiangqi.server.network.ClientHandler run
信息: Client handler stopped for: client-3
12月 17, 2025 6:17:05 下午 com.xiangqi.server.network.ClientHandler run
警告: Error receiving message from client client-4
java.io.EOFException
	at java.base/java.io.ObjectInputStream$BlockDataInputStream.peekByte(ObjectInputStream.java:3232)
	at java.base/java.io.ObjectInputStream.readObject0(ObjectInputStream.java:1713)
	at java.base/java.io.ObjectInputStream.readObject(ObjectInputStream.java:540)
	at java.base/java.io.ObjectInputStream.readObject(ObjectInputStream.java:498)
	at com.xiangqi.server.network.ClientHandler.run(ClientHandler.java:87)
	at java.base/java.util.concurrent.ThreadPoolExecutor.runWorker(ThreadPoolExecutor.java:1144)
	at java.base/java.util.concurrent.ThreadPoolExecutor$Worker.run(ThreadPoolExecutor.java:642)
	at java.base/java.lang.Thread.run(Thread.java:1583)

12月 17, 2025 6:17:05 下午 com.xiangqi.server.network.GameServer removeClient
信息: Removed client: client-4
12月 17, 2025 6:17:05 下午 com.xiangqi.server.network.ClientHandler run
信息: Client handler stopped for: client-4
12月 17, 2025 6:17:05 下午 com.xiangqi.server.network.ClientHandler run
警告: Error receiving message from client client-5
java.io.EOFException
	at java.base/java.io.ObjectInputStream$BlockDataInputStream.peekByte(ObjectInputStream.java:3232)
	at java.base/java.io.ObjectInputStream.readObject0(ObjectInputStream.java:1713)
	at java.base/java.io.ObjectInputStream.readObject(ObjectInputStream.java:540)
	at java.base/java.io.ObjectInputStream.readObject(ObjectInputStream.java:498)
	at com.xiangqi.server.network.ClientHandler.run(ClientHandler.java:87)
	at java.base/java.util.concurrent.ThreadPoolExecutor.runWorker(ThreadPoolExecutor.java:1144)
	at java.base/java.util.concurrent.ThreadPoolExecutor$Worker.run(ThreadPoolExecutor.java:642)
	at java.base/java.lang.Thread.run(Thread.java:1583)

12月 17, 2025 6:17:05 下午 com.xiangqi.server.network.GameServer removeClient
信息: Removed client: client-5
12月 17, 2025 6:17:05 下午 com.xiangqi.server.network.ClientHandler run
信息: Client handler stopped for: client-5
12月 17, 2025 6:17:05 下午 com.xiangqi.server.network.GameServer removeClient
信息: Removed client: client-1
12月 17, 2025 6:17:05 下午 com.xiangqi.server.network.ClientHandler run
信息: Client handler stopped for: client-1
12月 17, 2025 6:17:05 下午 com.xiangqi.server.network.GameServer removeClient
信息: Removed client: client-2
12月 17, 2025 6:17:05 下午 com.xiangqi.server.network.ClientHandler run
信息: Client handler stopped for: client-2
12月 17, 2025 6:17:05 下午 com.xiangqi.server.network.GameServer stopServer
信息: Game server stopped
12月 17, 2025 6:17:05 下午 com.xiangqi.server.network.GameServer startServer
信息: Game server started on port 8898
12月 17, 2025 6:17:05 下午 com.xiangqi.server.network.GameServer acceptConnections
信息: New client connection: client-1 from /127.0.0.1:9404
12月 17, 2025 6:17:05 下午 com.xiangqi.server.network.ClientHandler initialize
信息: Client handler initialized for client: client-1
12月 17, 2025 6:17:05 下午 com.xiangqi.server.network.GameServer acceptConnections
信息: New client connection: client-2 from /127.0.0.1:9405
12月 17, 2025 6:17:05 下午 com.xiangqi.server.network.ClientHandler run
信息: Client handler started for: client-1
12月 17, 2025 6:17:05 下午 com.xiangqi.server.network.ClientHandler initialize
信息: Client handler initialized for client: client-2
12月 17, 2025 6:17:05 下午 com.xiangqi.server.network.GameServer acceptConnections
信息: New client connection: client-3 from /127.0.0.1:9406
12月 17, 2025 6:17:05 下午 com.xiangqi.server.network.ClientHandler run
信息: Client handler started for: client-2
12月 17, 2025 6:17:05 下午 com.xiangqi.server.network.ClientHandler initialize
信息: Client handler initialized for client: client-3
12月 17, 2025 6:17:05 下午 com.xiangqi.server.network.GameServer acceptConnections
信息: New client connection: client-4 from /127.0.0.1:9407
12月 17, 2025 6:17:05 下午 com.xiangqi.server.network.ClientHandler initialize
信息: Client handler initialized for client: client-4
12月 17, 2025 6:17:05 下午 com.xiangqi.server.network.ClientHandler run
信息: Client handler started for: client-3
12月 17, 2025 6:17:05 下午 com.xiangqi.server.network.GameServer acceptConnections
信息: New client connection: client-5 from /127.0.0.1:9408
12月 17, 2025 6:17:05 下午 com.xiangqi.server.network.ClientHandler run
信息: Client handler started for: client-4
12月 17, 2025 6:17:05 下午 com.xiangqi.server.network.ClientHandler initialize
信息: Client handler initialized for client: client-5
12月 17, 2025 6:17:05 下午 com.xiangqi.server.network.GameServer acceptConnections
信息: New client connection: client-6 from /127.0.0.1:9409
12月 17, 2025 6:17:05 下午 com.xiangqi.server.network.ClientHandler run
信息: Client handler started for: client-5
12月 17, 2025 6:17:05 下午 com.xiangqi.server.network.ClientHandler initialize
信息: Client handler initialized for client: client-6
12月 17, 2025 6:17:05 下午 com.xiangqi.server.network.GameServer acceptConnections
信息: New client connection: client-7 from /127.0.0.1:9410
12月 17, 2025 6:17:05 下午 com.xiangqi.server.network.ClientHandler initialize
信息: Client handler initialized for client: client-7
12月 17, 2025 6:17:05 下午 com.xiangqi.server.network.ClientHandler run
信息: Client handler started for: client-6
12月 17, 2025 6:17:05 下午 com.xiangqi.server.network.GameServer acceptConnections
信息: New client connection: client-8 from /127.0.0.1:9411
12月 17, 2025 6:17:05 下午 com.xiangqi.server.network.ClientHandler run
信息: Client handler started for: client-7
12月 17, 2025 6:17:05 下午 com.xiangqi.server.network.ClientHandler initialize
信息: Client handler initialized for client: client-8
12月 17, 2025 6:17:05 下午 com.xiangqi.server.network.ClientHandler run
信息: Client handler started for: client-8
12月 17, 2025 6:17:06 下午 com.xiangqi.server.network.ClientHandler run
警告: Error receiving message from client client-1
java.io.EOFException
	at java.base/java.io.ObjectInputStream$BlockDataInputStream.peekByte(ObjectInputStream.java:3232)
	at java.base/java.io.ObjectInputStream.readObject0(ObjectInputStream.java:1713)
	at java.base/java.io.ObjectInputStream.readObject(ObjectInputStream.java:540)
	at java.base/java.io.ObjectInputStream.readObject(ObjectInputStream.java:498)
	at com.xiangqi.server.network.ClientHandler.run(ClientHandler.java:87)
	at java.base/java.util.concurrent.ThreadPoolExecutor.runWorker(ThreadPoolExecutor.java:1144)
	at java.base/java.util.concurrent.ThreadPoolExecutor$Worker.run(ThreadPoolExecutor.java:642)
	at java.base/java.lang.Thread.run(Thread.java:1583)

12月 17, 2025 6:17:06 下午 com.xiangqi.server.network.ClientHandler run
警告: Error receiving message from client client-3
java.io.EOFException
	at java.base/java.io.ObjectInputStream$BlockDataInputStream.peekByte(ObjectInputStream.java:3232)
	at java.base/java.io.ObjectInputStream.readObject0(ObjectInputStream.java:1713)
	at java.base/java.io.ObjectInputStream.readObject(ObjectInputStream.java:540)
	at java.base/java.io.ObjectInputStream.readObject(ObjectInputStream.java:498)
	at com.xiangqi.server.network.ClientHandler.run(ClientHandler.java:87)
	at java.base/java.util.concurrent.ThreadPoolExecutor.runWorker(ThreadPoolExecutor.java:1144)
	at java.base/java.util.concurrent.ThreadPoolExecutor$Worker.run(ThreadPoolExecutor.java:642)
	at java.base/java.lang.Thread.run(Thread.java:1583)

12月 17, 2025 6:17:06 下午 com.xiangqi.server.network.ClientHandler run
警告: Error receiving message from client client-4
java.io.EOFException
	at java.base/java.io.ObjectInputStream$BlockDataInputStream.peekByte(ObjectInputStream.java:3232)
	at java.base/java.io.ObjectInputStream.readObject0(ObjectInputStream.java:1713)
	at java.base/java.io.ObjectInputStream.readObject(ObjectInputStream.java:540)
	at java.base/java.io.ObjectInputStream.readObject(ObjectInputStream.java:498)
	at com.xiangqi.server.network.ClientHandler.run(ClientHandler.java:87)
	at java.base/java.util.concurrent.ThreadPoolExecutor.runWorker(ThreadPoolExecutor.java:1144)
	at java.base/java.util.concurrent.ThreadPoolExecutor$Worker.run(ThreadPoolExecutor.java:642)
	at java.base/java.lang.Thread.run(Thread.java:1583)

12月 17, 2025 6:17:06 下午 com.xiangqi.server.network.ClientHandler run
警告: Error receiving message from client client-5
java.io.EOFException
	at java.base/java.io.ObjectInputStream$BlockDataInputStream.peekByte(ObjectInputStream.java:3232)
	at java.base/java.io.ObjectInputStream.readObject0(ObjectInputStream.java:1713)
	at java.base/java.io.ObjectInputStream.readObject(ObjectInputStream.java:540)
	at java.base/java.io.ObjectInputStream.readObject(ObjectInputStream.java:498)
	at com.xiangqi.server.network.ClientHandler.run(ClientHandler.java:87)
	at java.base/java.util.concurrent.ThreadPoolExecutor.runWorker(ThreadPoolExecutor.java:1144)
	at java.base/java.util.concurrent.ThreadPoolExecutor$Worker.run(ThreadPoolExecutor.java:642)
	at java.base/java.lang.Thread.run(Thread.java:1583)

12月 17, 2025 6:17:06 下午 com.xiangqi.server.network.ClientHandler run
警告: Error receiving message from client client-6
java.io.EOFException
	at java.base/java.io.ObjectInputStream$BlockDataInputStream.peekByte(ObjectInputStream.java:3232)
	at java.base/java.io.ObjectInputStream.readObject0(ObjectInputStream.java:1713)
	at java.base/java.io.ObjectInputStream.readObject(ObjectInputStream.java:540)
	at java.base/java.io.ObjectInputStream.readObject(ObjectInputStream.java:498)
	at com.xiangqi.server.network.ClientHandler.run(ClientHandler.java:87)
	at java.base/java.util.concurrent.ThreadPoolExecutor.runWorker(ThreadPoolExecutor.java:1144)
	at java.base/java.util.concurrent.ThreadPoolExecutor$Worker.run(ThreadPoolExecutor.java:642)
	at java.base/java.lang.Thread.run(Thread.java:1583)

12月 17, 2025 6:17:06 下午 com.xiangqi.server.network.ClientHandler run
警告: Error receiving message from client client-2
java.io.EOFException
	at java.base/java.io.ObjectInputStream$BlockDataInputStream.peekByte(ObjectInputStream.java:3232)
	at java.base/java.io.ObjectInputStream.readObject0(ObjectInputStream.java:1713)
	at java.base/java.io.ObjectInputStream.readObject(ObjectInputStream.java:540)
	at java.base/java.io.ObjectInputStream.readObject(ObjectInputStream.java:498)
	at com.xiangqi.server.network.ClientHandler.run(ClientHandler.java:87)
	at java.base/java.util.concurrent.ThreadPoolExecutor.runWorker(ThreadPoolExecutor.java:1144)
	at java.base/java.util.concurrent.ThreadPoolExecutor$Worker.run(ThreadPoolExecutor.java:642)
	at java.base/java.lang.Thread.run(Thread.java:1583)

12月 17, 2025 6:17:06 下午 com.xiangqi.server.network.GameServer removeClient
信息: Removed client: client-2
12月 17, 2025 6:17:06 下午 com.xiangqi.server.network.ClientHandler run
信息: Client handler stopped for: client-2
12月 17, 2025 6:17:06 下午 com.xiangqi.server.network.ClientHandler run
警告: Error receiving message from client client-7
java.io.EOFException
	at java.base/java.io.ObjectInputStream$BlockDataInputStream.peekByte(ObjectInputStream.java:3232)
	at java.base/java.io.ObjectInputStream.readObject0(ObjectInputStream.java:1713)
	at java.base/java.io.ObjectInputStream.readObject(ObjectInputStream.java:540)
	at java.base/java.io.ObjectInputStream.readObject(ObjectInputStream.java:498)
	at com.xiangqi.server.network.ClientHandler.run(ClientHandler.java:87)
	at java.base/java.util.concurrent.ThreadPoolExecutor.runWorker(ThreadPoolExecutor.java:1144)
	at java.base/java.util.concurrent.ThreadPoolExecutor$Worker.run(ThreadPoolExecutor.java:642)
	at java.base/java.lang.Thread.run(Thread.java:1583)

12月 17, 2025 6:17:06 下午 com.xiangqi.server.network.ClientHandler run
警告: Error receiving message from client client-8
java.io.EOFException
	at java.base/java.io.ObjectInputStream$BlockDataInputStream.peekByte(ObjectInputStream.java:3232)
	at java.base/java.io.ObjectInputStream.readObject0(ObjectInputStream.java:1713)
	at java.base/java.io.ObjectInputStream.readObject(ObjectInputStream.java:540)
	at java.base/java.io.ObjectInputStream.readObject(ObjectInputStream.java:498)
	at com.xiangqi.server.network.ClientHandler.run(ClientHandler.java:87)
	at java.base/java.util.concurrent.ThreadPoolExecutor.runWorker(ThreadPoolExecutor.java:1144)
	at java.base/java.util.concurrent.ThreadPoolExecutor$Worker.run(ThreadPoolExecutor.java:642)
	at java.base/java.lang.Thread.run(Thread.java:1583)

12月 17, 2025 6:17:06 下午 com.xiangqi.server.network.GameServer removeClient
信息: Removed client: client-1
12月 17, 2025 6:17:06 下午 com.xiangqi.server.network.ClientHandler run
信息: Client handler stopped for: client-1
12月 17, 2025 6:17:06 下午 com.xiangqi.server.network.GameServer removeClient
信息: Removed client: client-3
12月 17, 2025 6:17:06 下午 com.xiangqi.server.network.ClientHandler run
信息: Client handler stopped for: client-3
12月 17, 2025 6:17:06 下午 com.xiangqi.server.network.GameServer removeClient
信息: Removed client: client-4
12月 17, 2025 6:17:06 下午 com.xiangqi.server.network.ClientHandler run
信息: Client handler stopped for: client-4
12月 17, 2025 6:17:06 下午 com.xiangqi.server.network.GameServer removeClient
信息: Removed client: client-5
12月 17, 2025 6:17:06 下午 com.xiangqi.server.network.ClientHandler run
信息: Client handler stopped for: client-5
12月 17, 2025 6:17:06 下午 com.xiangqi.server.network.GameServer removeClient
信息: Removed client: client-6
12月 17, 2025 6:17:06 下午 com.xiangqi.server.network.ClientHandler run
信息: Client handler stopped for: client-6
12月 17, 2025 6:17:06 下午 com.xiangqi.server.network.GameServer removeClient
信息: Removed client: client-7
12月 17, 2025 6:17:06 下午 com.xiangqi.server.network.ClientHandler run
信息: Client handler stopped for: client-7
12月 17, 2025 6:17:06 下午 com.xiangqi.server.network.GameServer removeClient
信息: Removed client: client-8
12月 17, 2025 6:17:06 下午 com.xiangqi.server.network.ClientHandler run
信息: Client handler stopped for: client-8
12月 17, 2025 6:17:06 下午 com.xiangqi.server.network.GameServer stopServer
信息: Game server stopped
12月 17, 2025 6:17:06 下午 com.xiangqi.server.network.GameServer startServer
信息: Game server started on port 8900
12月 17, 2025 6:17:06 下午 com.xiangqi.server.network.GameServer acceptConnections
信息: New client connection: client-1 from /127.0.0.1:9415
12月 17, 2025 6:17:06 下午 com.xiangqi.server.network.ClientHandler initialize
信息: Client handler initialized for client: client-1
12月 17, 2025 6:17:06 下午 com.xiangqi.server.network.GameServer acceptConnections
信息: New client connection: client-2 from /127.0.0.1:9416
12月 17, 2025 6:17:06 下午 com.xiangqi.server.network.ClientHandler run
信息: Client handler started for: client-1
12月 17, 2025 6:17:06 下午 com.xiangqi.server.network.ClientHandler initialize
信息: Client handler initialized for client: client-2
12月 17, 2025 6:17:06 下午 com.xiangqi.server.network.GameServer acceptConnections
信息: New client connection: client-3 from /127.0.0.1:9413
12月 17, 2025 6:17:06 下午 com.xiangqi.server.network.ClientHandler initialize
信息: Client handler initialized for client: client-3
12月 17, 2025 6:17:06 下午 com.xiangqi.server.network.GameServer acceptConnections
信息: New client connection: client-4 from /127.0.0.1:9417
12月 17, 2025 6:17:06 下午 com.xiangqi.server.network.ClientHandler initialize
信息: Client handler initialized for client: client-4
12月 17, 2025 6:17:06 下午 com.xiangqi.server.network.GameServer acceptConnections
信息: New client connection: client-5 from /127.0.0.1:9414
12月 17, 2025 6:17:06 下午 com.xiangqi.server.network.ClientHandler run
信息: Client handler started for: client-2
12月 17, 2025 6:17:06 下午 com.xiangqi.server.network.ClientHandler initialize
信息: Client handler initialized for client: client-5
12月 17, 2025 6:17:06 下午 com.xiangqi.server.network.ClientHandler run
信息: Client handler started for: client-3
12月 17, 2025 6:17:06 下午 com.xiangqi.server.network.GameServer acceptConnections
信息: New client connection: client-6 from /127.0.0.1:9418
12月 17, 2025 6:17:06 下午 com.xiangqi.server.network.ClientHandler run
信息: Client handler started for: client-4
12月 17, 2025 6:17:06 下午 com.xiangqi.server.network.ClientHandler initialize
信息: Client handler initialized for client: client-6
12月 17, 2025 6:17:06 下午 com.xiangqi.server.network.ClientHandler run
信息: Client handler started for: client-5
12月 17, 2025 6:17:06 下午 com.xiangqi.server.network.GameServer acceptConnections
信息: New client connection: client-7 from /127.0.0.1:9419
12月 17, 2025 6:17:06 下午 com.xiangqi.server.network.ClientHandler run
信息: Client handler started for: client-6
12月 17, 2025 6:17:06 下午 com.xiangqi.server.network.ClientHandler initialize
信息: Client handler initialized for client: client-7
12月 17, 2025 6:17:06 下午 com.xiangqi.server.network.GameServer acceptConnections
信息: New client connection: client-8 from /127.0.0.1:9420
12月 17, 2025 6:17:06 下午 com.xiangqi.server.network.ClientHandler run
信息: Client handler started for: client-7
12月 17, 2025 6:17:06 下午 com.xiangqi.server.network.ClientHandler initialize
信息: Client handler initialized for client: client-8
12月 17, 2025 6:17:06 下午 com.xiangqi.server.network.GameServer acceptConnections
信息: New client connection: client-9 from /127.0.0.1:9421
12月 17, 2025 6:17:06 下午 com.xiangqi.server.network.ClientHandler run
信息: Client handler started for: client-8
12月 17, 2025 6:17:06 下午 com.xiangqi.server.network.ClientHandler initialize
信息: Client handler initialized for client: client-9
12月 17, 2025 6:17:06 下午 com.xiangqi.server.network.GameServer acceptConnections
信息: New client connection: client-10 from /127.0.0.1:9422
12月 17, 2025 6:17:06 下午 com.xiangqi.server.network.ClientHandler run
信息: Client handler started for: client-9
12月 17, 2025 6:17:06 下午 com.xiangqi.server.network.ClientHandler initialize
信息: Client handler initialized for client: client-10
12月 17, 2025 6:17:06 下午 com.xiangqi.server.network.ClientHandler run
信息: Client handler started for: client-10
12月 17, 2025 6:17:07 下午 com.xiangqi.server.network.ClientHandler run
警告: Error receiving message from client client-1
java.io.EOFException
	at java.base/java.io.ObjectInputStream$BlockDataInputStream.peekByte(ObjectInputStream.java:3232)
	at java.base/java.io.ObjectInputStream.readObject0(ObjectInputStream.java:1713)
	at java.base/java.io.ObjectInputStream.readObject(ObjectInputStream.java:540)
	at java.base/java.io.ObjectInputStream.readObject(ObjectInputStream.java:498)
	at com.xiangqi.server.network.ClientHandler.run(ClientHandler.java:87)
	at java.base/java.util.concurrent.ThreadPoolExecutor.runWorker(ThreadPoolExecutor.java:1144)
	at java.base/java.util.concurrent.ThreadPoolExecutor$Worker.run(ThreadPoolExecutor.java:642)
	at java.base/java.lang.Thread.run(Thread.java:1583)

12月 17, 2025 6:17:07 下午 com.xiangqi.server.network.ClientHandler run
警告: Error receiving message from client client-3
java.io.EOFException
	at java.base/java.io.ObjectInputStream$BlockDataInputStream.peekByte(ObjectInputStream.java:3232)
	at java.base/java.io.ObjectInputStream.readObject0(ObjectInputStream.java:1713)
	at java.base/java.io.ObjectInputStream.readObject(ObjectInputStream.java:540)
	at java.base/java.io.ObjectInputStream.readObject(ObjectInputStream.java:498)
	at com.xiangqi.server.network.ClientHandler.run(ClientHandler.java:87)
	at java.base/java.util.concurrent.ThreadPoolExecutor.runWorker(ThreadPoolExecutor.java:1144)
	at java.base/java.util.concurrent.ThreadPoolExecutor$Worker.run(ThreadPoolExecutor.java:642)
	at java.base/java.lang.Thread.run(Thread.java:1583)

12月 17, 2025 6:17:07 下午 com.xiangqi.server.network.ClientHandler run
警告: Error receiving message from client client-8
java.io.EOFException
	at java.base/java.io.ObjectInputStream$BlockDataInputStream.peekByte(ObjectInputStream.java:3232)
	at java.base/java.io.ObjectInputStream.readObject0(ObjectInputStream.java:1713)
	at java.base/java.io.ObjectInputStream.readObject(ObjectInputStream.java:540)
	at java.base/java.io.ObjectInputStream.readObject(ObjectInputStream.java:498)
	at com.xiangqi.server.network.ClientHandler.run(ClientHandler.java:87)
	at java.base/java.util.concurrent.ThreadPoolExecutor.runWorker(ThreadPoolExecutor.java:1144)
	at java.base/java.util.concurrent.ThreadPoolExecutor$Worker.run(ThreadPoolExecutor.java:642)
	at java.base/java.lang.Thread.run(Thread.java:1583)

12月 17, 2025 6:17:07 下午 com.xiangqi.server.network.ClientHandler run
警告: Error receiving message from client client-2
java.io.EOFException
	at java.base/java.io.ObjectInputStream$BlockDataInputStream.peekByte(ObjectInputStream.java:3232)
	at java.base/java.io.ObjectInputStream.readObject0(ObjectInputStream.java:1713)
	at java.base/java.io.ObjectInputStream.readObject(ObjectInputStream.java:540)
	at java.base/java.io.ObjectInputStream.readObject(ObjectInputStream.java:498)
	at com.xiangqi.server.network.ClientHandler.run(ClientHandler.java:87)
	at java.base/java.util.concurrent.ThreadPoolExecutor.runWorker(ThreadPoolExecutor.java:1144)
	at java.base/java.util.concurrent.ThreadPoolExecutor$Worker.run(ThreadPoolExecutor.java:642)
	at java.base/java.lang.Thread.run(Thread.java:1583)

12月 17, 2025 6:17:07 下午 com.xiangqi.server.network.ClientHandler run
警告: Error receiving message from client client-4
java.io.EOFException
	at java.base/java.io.ObjectInputStream$BlockDataInputStream.peekByte(ObjectInputStream.java:3232)
	at java.base/java.io.ObjectInputStream.readObject0(ObjectInputStream.java:1713)
	at java.base/java.io.ObjectInputStream.readObject(ObjectInputStream.java:540)
	at java.base/java.io.ObjectInputStream.readObject(ObjectInputStream.java:498)
	at com.xiangqi.server.network.ClientHandler.run(ClientHandler.java:87)
	at java.base/java.util.concurrent.ThreadPoolExecutor.runWorker(ThreadPoolExecutor.java:1144)
	at java.base/java.util.concurrent.ThreadPoolExecutor$Worker.run(ThreadPoolExecutor.java:642)
	at java.base/java.lang.Thread.run(Thread.java:1583)

12月 17, 2025 6:17:07 下午 com.xiangqi.server.network.ClientHandler run
警告: Error receiving message from client client-6
java.io.EOFException
	at java.base/java.io.ObjectInputStream$BlockDataInputStream.peekByte(ObjectInputStream.java:3232)
	at java.base/java.io.ObjectInputStream.readObject0(ObjectInputStream.java:1713)
	at java.base/java.io.ObjectInputStream.readObject(ObjectInputStream.java:540)
	at java.base/java.io.ObjectInputStream.readObject(ObjectInputStream.java:498)
	at com.xiangqi.server.network.ClientHandler.run(ClientHandler.java:87)
	at java.base/java.util.concurrent.ThreadPoolExecutor.runWorker(ThreadPoolExecutor.java:1144)
	at java.base/java.util.concurrent.ThreadPoolExecutor$Worker.run(ThreadPoolExecutor.java:642)
	at java.base/java.lang.Thread.run(Thread.java:1583)

12月 17, 2025 6:17:07 下午 com.xiangqi.server.network.GameServer removeClient
信息: Removed client: client-1
12月 17, 2025 6:17:07 下午 com.xiangqi.server.network.ClientHandler run
信息: Client handler stopped for: client-1
12月 17, 2025 6:17:07 下午 com.xiangqi.server.network.ClientHandler run
警告: Error receiving message from client client-7
java.io.EOFException
	at java.base/java.io.ObjectInputStream$BlockDataInputStream.peekByte(ObjectInputStream.java:3232)
	at java.base/java.io.ObjectInputStream.readObject0(ObjectInputStream.java:1713)
	at java.base/java.io.ObjectInputStream.readObject(ObjectInputStream.java:540)
	at java.base/java.io.ObjectInputStream.readObject(ObjectInputStream.java:498)
	at com.xiangqi.server.network.ClientHandler.run(ClientHandler.java:87)
	at java.base/java.util.concurrent.ThreadPoolExecutor.runWorker(ThreadPoolExecutor.java:1144)
	at java.base/java.util.concurrent.ThreadPoolExecutor$Worker.run(ThreadPoolExecutor.java:642)
	at java.base/java.lang.Thread.run(Thread.java:1583)

12月 17, 2025 6:17:07 下午 com.xiangqi.server.network.ClientHandler run
警告: Error receiving message from client client-5
java.io.EOFException
	at java.base/java.io.ObjectInputStream$BlockDataInputStream.peekByte(ObjectInputStream.java:3232)
	at java.base/java.io.ObjectInputStream.readObject0(ObjectInputStream.java:1713)
	at java.base/java.io.ObjectInputStream.readObject(ObjectInputStream.java:540)
	at java.base/java.io.ObjectInputStream.readObject(ObjectInputStream.java:498)
	at com.xiangqi.server.network.ClientHandler.run(ClientHandler.java:87)
	at java.base/java.util.concurrent.ThreadPoolExecutor.runWorker(ThreadPoolExecutor.java:1144)
	at java.base/java.util.concurrent.ThreadPoolExecutor$Worker.run(ThreadPoolExecutor.java:642)
	at java.base/java.lang.Thread.run(Thread.java:1583)

12月 17, 2025 6:17:07 下午 com.xiangqi.server.network.GameServer removeClient
信息: Removed client: client-3
12月 17, 2025 6:17:07 下午 com.xiangqi.server.network.ClientHandler run
信息: Client handler stopped for: client-3
12月 17, 2025 6:17:07 下午 com.xiangqi.server.network.ClientHandler run
警告: Error receiving message from client client-9
java.io.EOFException
	at java.base/java.io.ObjectInputStream$BlockDataInputStream.peekByte(ObjectInputStream.java:3232)
	at java.base/java.io.ObjectInputStream.readObject0(ObjectInputStream.java:1713)
	at java.base/java.io.ObjectInputStream.readObject(ObjectInputStream.java:540)
	at java.base/java.io.ObjectInputStream.readObject(ObjectInputStream.java:498)
	at com.xiangqi.server.network.ClientHandler.run(ClientHandler.java:87)
	at java.base/java.util.concurrent.ThreadPoolExecutor.runWorker(ThreadPoolExecutor.java:1144)
	at java.base/java.util.concurrent.ThreadPoolExecutor$Worker.run(ThreadPoolExecutor.java:642)
	at java.base/java.lang.Thread.run(Thread.java:1583)

12月 17, 2025 6:17:07 下午 com.xiangqi.server.network.GameServer removeClient
信息: Removed client: client-8
12月 17, 2025 6:17:07 下午 com.xiangqi.server.network.ClientHandler run
信息: Client handler stopped for: client-8
12月 17, 2025 6:17:07 下午 com.xiangqi.server.network.ClientHandler run
警告: Error receiving message from client client-10
java.io.EOFException
	at java.base/java.io.ObjectInputStream$BlockDataInputStream.peekByte(ObjectInputStream.java:3232)
	at java.base/java.io.ObjectInputStream.readObject0(ObjectInputStream.java:1713)
	at java.base/java.io.ObjectInputStream.readObject(ObjectInputStream.java:540)
	at java.base/java.io.ObjectInputStream.readObject(ObjectInputStream.java:498)
	at com.xiangqi.server.network.ClientHandler.run(ClientHandler.java:87)
	at java.base/java.util.concurrent.ThreadPoolExecutor.runWorker(ThreadPoolExecutor.java:1144)
	at java.base/java.util.concurrent.ThreadPoolExecutor$Worker.run(ThreadPoolExecutor.java:642)
	at java.base/java.lang.Thread.run(Thread.java:1583)

12月 17, 2025 6:17:07 下午 com.xiangqi.server.network.GameServer removeClient
信息: Removed client: client-2
12月 17, 2025 6:17:07 下午 com.xiangqi.server.network.GameServer removeClient
信息: Removed client: client-10
12月 17, 2025 6:17:07 下午 com.xiangqi.server.network.GameServer removeClient
信息: Removed client: client-4
12月 17, 2025 6:17:07 下午 com.xiangqi.server.network.ClientHandler run
信息: Client handler stopped for: client-4
12月 17, 2025 6:17:07 下午 com.xiangqi.server.network.GameServer removeClient
信息: Removed client: client-6
12月 17, 2025 6:17:07 下午 com.xiangqi.server.network.GameServer removeClient
信息: Removed client: client-7
12月 17, 2025 6:17:07 下午 com.xiangqi.server.network.ClientHandler run
信息: Client handler stopped for: client-7
12月 17, 2025 6:17:07 下午 com.xiangqi.server.network.GameServer removeClient
信息: Removed client: client-5
12月 17, 2025 6:17:07 下午 com.xiangqi.server.network.GameServer removeClient
信息: Removed client: client-9
12月 17, 2025 6:17:07 下午 com.xiangqi.server.network.ClientHandler run
信息: Client handler stopped for: client-2
12月 17, 2025 6:17:07 下午 com.xiangqi.server.network.ClientHandler run
信息: Client handler stopped for: client-10
12月 17, 2025 6:17:07 下午 com.xiangqi.server.network.ClientHandler run
信息: Client handler stopped for: client-6
12月 17, 2025 6:17:07 下午 com.xiangqi.server.network.ClientHandler run
信息: Client handler stopped for: client-5
12月 17, 2025 6:17:07 下午 com.xiangqi.server.network.ClientHandler run
信息: Client handler stopped for: client-9
12月 17, 2025 6:17:07 下午 com.xiangqi.server.network.GameServer stopServer
信息: Game server stopped
12月 17, 2025 6:17:07 下午 com.xiangqi.server.network.GameServer startServer
信息: Game server started on port 8905
12月 17, 2025 6:17:08 下午 com.xiangqi.server.network.GameServer acceptConnections
信息: New client connection: client-1 from /127.0.0.1:9423
12月 17, 2025 6:17:08 下午 com.xiangqi.server.network.ClientHandler initialize
信息: Client handler initialized for client: client-1
12月 17, 2025 6:17:08 下午 com.xiangqi.server.network.GameServer acceptConnections
信息: New client connection: client-2 from /127.0.0.1:9426
12月 17, 2025 6:17:08 下午 com.xiangqi.server.network.ClientHandler run
信息: Client handler started for: client-1
12月 17, 2025 6:17:08 下午 com.xiangqi.server.network.ClientHandler initialize
信息: Client handler initialized for client: client-2
12月 17, 2025 6:17:08 下午 com.xiangqi.server.network.GameServer acceptConnections
信息: New client connection: client-3 from /127.0.0.1:9424
12月 17, 2025 6:17:08 下午 com.xiangqi.server.network.ClientHandler run
信息: Client handler started for: client-2
12月 17, 2025 6:17:08 下午 com.xiangqi.server.network.ClientHandler initialize
信息: Client handler initialized for client: client-3
12月 17, 2025 6:17:08 下午 com.xiangqi.server.network.GameServer acceptConnections
信息: New client connection: client-4 from /127.0.0.1:9425
12月 17, 2025 6:17:08 下午 com.xiangqi.server.network.ClientHandler run
信息: Client handler started for: client-3
12月 17, 2025 6:17:08 下午 com.xiangqi.server.network.ClientHandler initialize
信息: Client handler initialized for client: client-4
12月 17, 2025 6:17:08 下午 com.xiangqi.server.network.GameServer acceptConnections
信息: New client connection: client-5 from /127.0.0.1:9427
12月 17, 2025 6:17:08 下午 com.xiangqi.server.network.ClientHandler run
信息: Client handler started for: client-4
12月 17, 2025 6:17:08 下午 com.xiangqi.server.network.ClientHandler initialize
信息: Client handler initialized for client: client-5
12月 17, 2025 6:17:08 下午 com.xiangqi.server.network.ClientHandler run
信息: Client handler started for: client-5
12月 17, 2025 6:17:08 下午 com.xiangqi.server.network.GameServer acceptConnections
信息: New client connection: client-6 from /127.0.0.1:9429
12月 17, 2025 6:17:08 下午 com.xiangqi.server.network.ClientHandler initialize
信息: Client handler initialized for client: client-6
12月 17, 2025 6:17:08 下午 com.xiangqi.server.network.GameServer acceptConnections
信息: New client connection: client-7 from /127.0.0.1:9428
12月 17, 2025 6:17:08 下午 com.xiangqi.server.network.ClientHandler run
信息: Client handler started for: client-6
12月 17, 2025 6:17:08 下午 com.xiangqi.server.network.ClientHandler initialize
信息: Client handler initialized for client: client-7
12月 17, 2025 6:17:08 下午 com.xiangqi.server.network.GameServer acceptConnections
信息: New client connection: client-8 from /127.0.0.1:9430
12月 17, 2025 6:17:08 下午 com.xiangqi.server.network.ClientHandler run
信息: Client handler started for: client-7
12月 17, 2025 6:17:08 下午 com.xiangqi.server.network.ClientHandler initialize
信息: Client handler initialized for client: client-8
12月 17, 2025 6:17:08 下午 com.xiangqi.server.network.GameServer acceptConnections
信息: New client connection: client-9 from /127.0.0.1:9431
12月 17, 2025 6:17:08 下午 com.xiangqi.server.network.ClientHandler run
信息: Client handler started for: client-8
12月 17, 2025 6:17:08 下午 com.xiangqi.server.network.ClientHandler initialize
信息: Client handler initialized for client: client-9
12月 17, 2025 6:17:08 下午 com.xiangqi.server.network.GameServer acceptConnections
信息: New client connection: client-10 from /127.0.0.1:9432
12月 17, 2025 6:17:08 下午 com.xiangqi.server.network.ClientHandler run
信息: Client handler started for: client-9
12月 17, 2025 6:17:08 下午 com.xiangqi.server.network.ClientHandler initialize
信息: Client handler initialized for client: client-10
12月 17, 2025 6:17:08 下午 com.xiangqi.server.network.GameServer acceptConnections
信息: New client connection: client-11 from /127.0.0.1:9434
12月 17, 2025 6:17:08 下午 com.xiangqi.server.network.ClientHandler run
信息: Client handler started for: client-10
12月 17, 2025 6:17:08 下午 com.xiangqi.server.network.ClientHandler initialize
信息: Client handler initialized for client: client-11
12月 17, 2025 6:17:08 下午 com.xiangqi.server.network.GameServer acceptConnections
信息: New client connection: client-12 from /127.0.0.1:9433
12月 17, 2025 6:17:08 下午 com.xiangqi.server.network.ClientHandler run
信息: Client handler started for: client-11
12月 17, 2025 6:17:08 下午 com.xiangqi.server.network.ClientHandler initialize
信息: Client handler initialized for client: client-12
12月 17, 2025 6:17:08 下午 com.xiangqi.server.network.GameServer acceptConnections
信息: New client connection: client-13 from /127.0.0.1:9435
12月 17, 2025 6:17:08 下午 com.xiangqi.server.network.ClientHandler run
信息: Client handler started for: client-12
12月 17, 2025 6:17:08 下午 com.xiangqi.server.network.ClientHandler initialize
信息: Client handler initialized for client: client-13
12月 17, 2025 6:17:08 下午 com.xiangqi.server.network.GameServer acceptConnections
信息: New client connection: client-14 from /127.0.0.1:9436
12月 17, 2025 6:17:08 下午 com.xiangqi.server.network.ClientHandler run
信息: Client handler started for: client-13
12月 17, 2025 6:17:08 下午 com.xiangqi.server.network.ClientHandler initialize
信息: Client handler initialized for client: client-14
12月 17, 2025 6:17:08 下午 com.xiangqi.server.network.GameServer acceptConnections
信息: New client connection: client-15 from /127.0.0.1:9437
12月 17, 2025 6:17:08 下午 com.xiangqi.server.network.ClientHandler run
信息: Client handler started for: client-14
12月 17, 2025 6:17:08 下午 com.xiangqi.server.network.ClientHandler initialize
信息: Client handler initialized for client: client-15
12月 17, 2025 6:17:08 下午 com.xiangqi.server.network.ClientHandler run
信息: Client handler started for: client-15
12月 17, 2025 6:17:08 下午 com.xiangqi.server.network.ClientHandler run
警告: Error receiving message from client client-1
java.io.EOFException
	at java.base/java.io.ObjectInputStream$BlockDataInputStream.peekByte(ObjectInputStream.java:3232)
	at java.base/java.io.ObjectInputStream.readObject0(ObjectInputStream.java:1713)
	at java.base/java.io.ObjectInputStream.readObject(ObjectInputStream.java:540)
	at java.base/java.io.ObjectInputStream.readObject(ObjectInputStream.java:498)
	at com.xiangqi.server.network.ClientHandler.run(ClientHandler.java:87)
	at java.base/java.util.concurrent.ThreadPoolExecutor.runWorker(ThreadPoolExecutor.java:1144)
	at java.base/java.util.concurrent.ThreadPoolExecutor$Worker.run(ThreadPoolExecutor.java:642)
	at java.base/java.lang.Thread.run(Thread.java:1583)

12月 17, 2025 6:17:08 下午 com.xiangqi.server.network.ClientHandler run
警告: Error receiving message from client client-4
java.io.EOFException
	at java.base/java.io.ObjectInputStream$BlockDataInputStream.peekByte(ObjectInputStream.java:3232)
	at java.base/java.io.ObjectInputStream.readObject0(ObjectInputStream.java:1713)
	at java.base/java.io.ObjectInputStream.readObject(ObjectInputStream.java:540)
	at java.base/java.io.ObjectInputStream.readObject(ObjectInputStream.java:498)
	at com.xiangqi.server.network.ClientHandler.run(ClientHandler.java:87)
	at java.base/java.util.concurrent.ThreadPoolExecutor.runWorker(ThreadPoolExecutor.java:1144)
	at java.base/java.util.concurrent.ThreadPoolExecutor$Worker.run(ThreadPoolExecutor.java:642)
	at java.base/java.lang.Thread.run(Thread.java:1583)

12月 17, 2025 6:17:08 下午 com.xiangqi.server.network.ClientHandler run
警告: Error receiving message from client client-5
java.io.EOFException
	at java.base/java.io.ObjectInputStream$BlockDataInputStream.peekByte(ObjectInputStream.java:3232)
	at java.base/java.io.ObjectInputStream.readObject0(ObjectInputStream.java:1713)
	at java.base/java.io.ObjectInputStream.readObject(ObjectInputStream.java:540)
	at java.base/java.io.ObjectInputStream.readObject(ObjectInputStream.java:498)
	at com.xiangqi.server.network.ClientHandler.run(ClientHandler.java:87)
	at java.base/java.util.concurrent.ThreadPoolExecutor.runWorker(ThreadPoolExecutor.java:1144)
	at java.base/java.util.concurrent.ThreadPoolExecutor$Worker.run(ThreadPoolExecutor.java:642)
	at java.base/java.lang.Thread.run(Thread.java:1583)

12月 17, 2025 6:17:08 下午 com.xiangqi.server.network.GameServer removeClient
信息: Removed client: client-5
12月 17, 2025 6:17:08 下午 com.xiangqi.server.network.ClientHandler run
信息: Client handler stopped for: client-5
12月 17, 2025 6:17:08 下午 com.xiangqi.server.network.ClientHandler run
警告: Error receiving message from client client-2
java.io.EOFException
	at java.base/java.io.ObjectInputStream$BlockDataInputStream.peekByte(ObjectInputStream.java:3232)
	at java.base/java.io.ObjectInputStream.readObject0(ObjectInputStream.java:1713)
	at java.base/java.io.ObjectInputStream.readObject(ObjectInputStream.java:540)
	at java.base/java.io.ObjectInputStream.readObject(ObjectInputStream.java:498)
	at com.xiangqi.server.network.ClientHandler.run(ClientHandler.java:87)
	at java.base/java.util.concurrent.ThreadPoolExecutor.runWorker(ThreadPoolExecutor.java:1144)
	at java.base/java.util.concurrent.ThreadPoolExecutor$Worker.run(ThreadPoolExecutor.java:642)
	at java.base/java.lang.Thread.run(Thread.java:1583)

12月 17, 2025 6:17:08 下午 com.xiangqi.server.network.GameServer removeClient
信息: Removed client: client-2
12月 17, 2025 6:17:08 下午 com.xiangqi.server.network.ClientHandler run
信息: Client handler stopped for: client-2
12月 17, 2025 6:17:08 下午 com.xiangqi.server.network.ClientHandler run
警告: Error receiving message from client client-6
java.io.EOFException
	at java.base/java.io.ObjectInputStream$BlockDataInputStream.peekByte(ObjectInputStream.java:3232)
	at java.base/java.io.ObjectInputStream.readObject0(ObjectInputStream.java:1713)
	at java.base/java.io.ObjectInputStream.readObject(ObjectInputStream.java:540)
	at java.base/java.io.ObjectInputStream.readObject(ObjectInputStream.java:498)
	at com.xiangqi.server.network.ClientHandler.run(ClientHandler.java:87)
	at java.base/java.util.concurrent.ThreadPoolExecutor.runWorker(ThreadPoolExecutor.java:1144)
	at java.base/java.util.concurrent.ThreadPoolExecutor$Worker.run(ThreadPoolExecutor.java:642)
	at java.base/java.lang.Thread.run(Thread.java:1583)

12月 17, 2025 6:17:08 下午 com.xiangqi.server.network.GameServer removeClient
信息: Removed client: client-6
12月 17, 2025 6:17:08 下午 com.xiangqi.server.network.ClientHandler run
信息: Client handler stopped for: client-6
12月 17, 2025 6:17:08 下午 com.xiangqi.server.network.ClientHandler run
警告: Error receiving message from client client-3
java.io.EOFException
	at java.base/java.io.ObjectInputStream$BlockDataInputStream.peekByte(ObjectInputStream.java:3232)
	at java.base/java.io.ObjectInputStream.readObject0(ObjectInputStream.java:1713)
	at java.base/java.io.ObjectInputStream.readObject(ObjectInputStream.java:540)
	at java.base/java.io.ObjectInputStream.readObject(ObjectInputStream.java:498)
	at com.xiangqi.server.network.ClientHandler.run(ClientHandler.java:87)
	at java.base/java.util.concurrent.ThreadPoolExecutor.runWorker(ThreadPoolExecutor.java:1144)
	at java.base/java.util.concurrent.ThreadPoolExecutor$Worker.run(ThreadPoolExecutor.java:642)
	at java.base/java.lang.Thread.run(Thread.java:1583)

12月 17, 2025 6:17:08 下午 com.xiangqi.server.network.GameServer removeClient
信息: Removed client: client-3
12月 17, 2025 6:17:08 下午 com.xiangqi.server.network.ClientHandler run
信息: Client handler stopped for: client-3
12月 17, 2025 6:17:08 下午 com.xiangqi.server.network.ClientHandler run
警告: Error receiving message from client client-7
java.io.EOFException
	at java.base/java.io.ObjectInputStream$BlockDataInputStream.peekByte(ObjectInputStream.java:3232)
	at java.base/java.io.ObjectInputStream.readObject0(ObjectInputStream.java:1713)
	at java.base/java.io.ObjectInputStream.readObject(ObjectInputStream.java:540)
	at java.base/java.io.ObjectInputStream.readObject(ObjectInputStream.java:498)
	at com.xiangqi.server.network.ClientHandler.run(ClientHandler.java:87)
	at java.base/java.util.concurrent.ThreadPoolExecutor.runWorker(ThreadPoolExecutor.java:1144)
	at java.base/java.util.concurrent.ThreadPoolExecutor$Worker.run(ThreadPoolExecutor.java:642)
	at java.base/java.lang.Thread.run(Thread.java:1583)

12月 17, 2025 6:17:08 下午 com.xiangqi.server.network.GameServer removeClient
信息: Removed client: client-7
12月 17, 2025 6:17:08 下午 com.xiangqi.server.network.ClientHandler run
信息: Client handler stopped for: client-7
12月 17, 2025 6:17:08 下午 com.xiangqi.server.network.ClientHandler run
警告: Error receiving message from client client-8
java.io.EOFException
	at java.base/java.io.ObjectInputStream$BlockDataInputStream.peekByte(ObjectInputStream.java:3232)
	at java.base/java.io.ObjectInputStream.readObject0(ObjectInputStream.java:1713)
	at java.base/java.io.ObjectInputStream.readObject(ObjectInputStream.java:540)
	at java.base/java.io.ObjectInputStream.readObject(ObjectInputStream.java:498)
	at com.xiangqi.server.network.ClientHandler.run(ClientHandler.java:87)
	at java.base/java.util.concurrent.ThreadPoolExecutor.runWorker(ThreadPoolExecutor.java:1144)
	at java.base/java.util.concurrent.ThreadPoolExecutor$Worker.run(ThreadPoolExecutor.java:642)
	at java.base/java.lang.Thread.run(Thread.java:1583)

12月 17, 2025 6:17:08 下午 com.xiangqi.server.network.GameServer removeClient
信息: Removed client: client-8
12月 17, 2025 6:17:08 下午 com.xiangqi.server.network.ClientHandler run
信息: Client handler stopped for: client-8
12月 17, 2025 6:17:08 下午 com.xiangqi.server.network.ClientHandler run
警告: Error receiving message from client client-10
java.io.EOFException
	at java.base/java.io.ObjectInputStream$BlockDataInputStream.peekByte(ObjectInputStream.java:3232)
	at java.base/java.io.ObjectInputStream.readObject0(ObjectInputStream.java:1713)
	at java.base/java.io.ObjectInputStream.readObject(ObjectInputStream.java:540)
	at java.base/java.io.ObjectInputStream.readObject(ObjectInputStream.java:498)
	at com.xiangqi.server.network.ClientHandler.run(ClientHandler.java:87)
	at java.base/java.util.concurrent.ThreadPoolExecutor.runWorker(ThreadPoolExecutor.java:1144)
	at java.base/java.util.concurrent.ThreadPoolExecutor$Worker.run(ThreadPoolExecutor.java:642)
	at java.base/java.lang.Thread.run(Thread.java:1583)

12月 17, 2025 6:17:08 下午 com.xiangqi.server.network.GameServer removeClient
信息: Removed client: client-10
12月 17, 2025 6:17:08 下午 com.xiangqi.server.network.ClientHandler run
信息: Client handler stopped for: client-10
12月 17, 2025 6:17:08 下午 com.xiangqi.server.network.ClientHandler run
警告: Error receiving message from client client-9
java.io.EOFException
	at java.base/java.io.ObjectInputStream$BlockDataInputStream.peekByte(ObjectInputStream.java:3232)
	at java.base/java.io.ObjectInputStream.readObject0(ObjectInputStream.java:1713)
	at java.base/java.io.ObjectInputStream.readObject(ObjectInputStream.java:540)
	at java.base/java.io.ObjectInputStream.readObject(ObjectInputStream.java:498)
	at com.xiangqi.server.network.ClientHandler.run(ClientHandler.java:87)
	at java.base/java.util.concurrent.ThreadPoolExecutor.runWorker(ThreadPoolExecutor.java:1144)
	at java.base/java.util.concurrent.ThreadPoolExecutor$Worker.run(ThreadPoolExecutor.java:642)
	at java.base/java.lang.Thread.run(Thread.java:1583)

12月 17, 2025 6:17:08 下午 com.xiangqi.server.network.GameServer removeClient
信息: Removed client: client-9
12月 17, 2025 6:17:08 下午 com.xiangqi.server.network.ClientHandler run
信息: Client handler stopped for: client-9
12月 17, 2025 6:17:08 下午 com.xiangqi.server.network.ClientHandler run
警告: Error receiving message from client client-12
java.io.EOFException
	at java.base/java.io.ObjectInputStream$BlockDataInputStream.peekByte(ObjectInputStream.java:3232)
	at java.base/java.io.ObjectInputStream.readObject0(ObjectInputStream.java:1713)
	at java.base/java.io.ObjectInputStream.readObject(ObjectInputStream.java:540)
	at java.base/java.io.ObjectInputStream.readObject(ObjectInputStream.java:498)
	at com.xiangqi.server.network.ClientHandler.run(ClientHandler.java:87)
	at java.base/java.util.concurrent.ThreadPoolExecutor.runWorker(ThreadPoolExecutor.java:1144)
	at java.base/java.util.concurrent.ThreadPoolExecutor$Worker.run(ThreadPoolExecutor.java:642)
	at java.base/java.lang.Thread.run(Thread.java:1583)

12月 17, 2025 6:17:08 下午 com.xiangqi.server.network.GameServer removeClient
信息: Removed client: client-12
12月 17, 2025 6:17:08 下午 com.xiangqi.server.network.ClientHandler run
信息: Client handler stopped for: client-12
12月 17, 2025 6:17:08 下午 com.xiangqi.server.network.ClientHandler run
警告: Error receiving message from client client-11
java.io.EOFException
	at java.base/java.io.ObjectInputStream$BlockDataInputStream.peekByte(ObjectInputStream.java:3232)
	at java.base/java.io.ObjectInputStream.readObject0(ObjectInputStream.java:1713)
	at java.base/java.io.ObjectInputStream.readObject(ObjectInputStream.java:540)
	at java.base/java.io.ObjectInputStream.readObject(ObjectInputStream.java:498)
	at com.xiangqi.server.network.ClientHandler.run(ClientHandler.java:87)
	at java.base/java.util.concurrent.ThreadPoolExecutor.runWorker(ThreadPoolExecutor.java:1144)
	at java.base/java.util.concurrent.ThreadPoolExecutor$Worker.run(ThreadPoolExecutor.java:642)
	at java.base/java.lang.Thread.run(Thread.java:1583)

12月 17, 2025 6:17:08 下午 com.xiangqi.server.network.GameServer removeClient
信息: Removed client: client-11
12月 17, 2025 6:17:08 下午 com.xiangqi.server.network.ClientHandler run
信息: Client handler stopped for: client-11
12月 17, 2025 6:17:08 下午 com.xiangqi.server.network.ClientHandler run
警告: Error receiving message from client client-14
java.io.EOFException
	at java.base/java.io.ObjectInputStream$BlockDataInputStream.peekByte(ObjectInputStream.java:3232)
	at java.base/java.io.ObjectInputStream.readObject0(ObjectInputStream.java:1713)
	at java.base/java.io.ObjectInputStream.readObject(ObjectInputStream.java:540)
	at java.base/java.io.ObjectInputStream.readObject(ObjectInputStream.java:498)
	at com.xiangqi.server.network.ClientHandler.run(ClientHandler.java:87)
	at java.base/java.util.concurrent.ThreadPoolExecutor.runWorker(ThreadPoolExecutor.java:1144)
	at java.base/java.util.concurrent.ThreadPoolExecutor$Worker.run(ThreadPoolExecutor.java:642)
	at java.base/java.lang.Thread.run(Thread.java:1583)

12月 17, 2025 6:17:08 下午 com.xiangqi.server.network.ClientHandler run
警告: Error receiving message from client client-13
java.io.EOFException
	at java.base/java.io.ObjectInputStream$BlockDataInputStream.peekByte(ObjectInputStream.java:3232)
	at java.base/java.io.ObjectInputStream.readObject0(ObjectInputStream.java:1713)
	at java.base/java.io.ObjectInputStream.readObject(ObjectInputStream.java:540)
	at java.base/java.io.ObjectInputStream.readObject(ObjectInputStream.java:498)
	at com.xiangqi.server.network.ClientHandler.run(ClientHandler.java:87)
	at java.base/java.util.concurrent.ThreadPoolExecutor.runWorker(ThreadPoolExecutor.java:1144)
	at java.base/java.util.concurrent.ThreadPoolExecutor$Worker.run(ThreadPoolExecutor.java:642)
	at java.base/java.lang.Thread.run(Thread.java:1583)

12月 17, 2025 6:17:08 下午 com.xiangqi.server.network.GameServer removeClient
信息: Removed client: client-13
12月 17, 2025 6:17:08 下午 com.xiangqi.server.network.ClientHandler run
信息: Client handler stopped for: client-13
12月 17, 2025 6:17:08 下午 com.xiangqi.server.network.ClientHandler run
警告: Error receiving message from client client-15
java.io.EOFException
	at java.base/java.io.ObjectInputStream$BlockDataInputStream.peekByte(ObjectInputStream.java:3232)
	at java.base/java.io.ObjectInputStream.readObject0(ObjectInputStream.java:1713)
	at java.base/java.io.ObjectInputStream.readObject(ObjectInputStream.java:540)
	at java.base/java.io.ObjectInputStream.readObject(ObjectInputStream.java:498)
	at com.xiangqi.server.network.ClientHandler.run(ClientHandler.java:87)
	at java.base/java.util.concurrent.ThreadPoolExecutor.runWorker(ThreadPoolExecutor.java:1144)
	at java.base/java.util.concurrent.ThreadPoolExecutor$Worker.run(ThreadPoolExecutor.java:642)
	at java.base/java.lang.Thread.run(Thread.java:1583)

12月 17, 2025 6:17:08 下午 com.xiangqi.server.network.GameServer removeClient
信息: Removed client: client-1
12月 17, 2025 6:17:08 下午 com.xiangqi.server.network.ClientHandler run
信息: Client handler stopped for: client-1
12月 17, 2025 6:17:08 下午 com.xiangqi.server.network.GameServer removeClient
信息: Removed client: client-4
12月 17, 2025 6:17:08 下午 com.xiangqi.server.network.ClientHandler run
信息: Client handler stopped for: client-4
12月 17, 2025 6:17:08 下午 com.xiangqi.server.network.GameServer removeClient
信息: Removed client: client-14
12月 17, 2025 6:17:08 下午 com.xiangqi.server.network.ClientHandler run
信息: Client handler stopped for: client-14
12月 17, 2025 6:17:08 下午 com.xiangqi.server.network.GameServer removeClient
信息: Removed client: client-15
12月 17, 2025 6:17:08 下午 com.xiangqi.server.network.ClientHandler run
信息: Client handler stopped for: client-15
12月 17, 2025 6:17:09 下午 com.xiangqi.server.network.GameServer stopServer
信息: Game server stopped
]]></system-err>
  </testcase>
  <testcase name="testLoginHandling" classname="com.xiangqi.server.network.GameServerTest" time="0.004">
    <system-err><![CDATA[12月 17, 2025 6:17:09 下午 com.xiangqi.server.network.GameServer handleLoginRequest
警告: handleLoginRequest called without client context
12月 17, 2025 6:17:09 下午 com.xiangqi.server.network.GameServer handleLoginRequest
警告: handleLoginRequest called without client context
]]></system-err>
  </testcase>
  <testcase name="testServerStartTwice" classname="com.xiangqi.server.network.GameServerTest" time="0.004">
    <system-err><![CDATA[12月 17, 2025 6:17:09 下午 com.xiangqi.server.network.GameServer startServer
信息: Game server started on port 8889
12月 17, 2025 6:17:09 下午 com.xiangqi.server.network.GameServer startServer
警告: Server is already running
12月 17, 2025 6:17:09 下午 com.xiangqi.server.network.GameServer stopServer
信息: Game server stopped
]]></system-err>
  </testcase>
</testsuite>