<?xml version="1.0" encoding="UTF-8"?>
<testsuite xmlns:xsi="http://www.w3.org/2001/XMLSchema-instance" xsi:noNamespaceSchemaLocation="https://maven.apache.org/surefire/maven-surefire-plugin/xsd/surefire-test-report-3.0.xsd" version="3.0" name="com.xiangqi.server.network.GameServerTest" time="6.247" tests="8" errors="0" skipped="0" failures="0">
  <properties>
[...]
</properties>
  <testcase name="testBroadcastToNonExistentGame" classname="com.xiangqi.server.network.GameServerTest" time="0.006"/>
  <testcase name="testServerStartAndStop" classname="com.xiangqi.server.network.GameServerTest" time="0.004">
    <system-err><![CDATA[12月 16, 2025 10:11:04 下午 com.xiangqi.server.network.GameServer startServer
信息: Game server started on port 8889
12月 16, 2025 10:11:04 下午 com.xiangqi.server.network.GameServer stopServer
信息: Game server stopped
]]></system-err>
  </testcase>
  <testcase name="testStopServerWhenNotRunning" classname="com.xiangqi.server.network.GameServerTest" time="0.004"/>
  <testcase name="testServerInitialization" classname="com.xiangqi.server.network.GameServerTest" time="0.002"/>
  <testcase name="testSendToNonExistentClient" classname="com.xiangqi.server.network.GameServerTest" time="0.005">
    <system-err><![CDATA[12月 16, 2025 10:11:04 下午 com.xiangqi.server.network.GameServer sendToClient
警告: Attempted to send message to non-existent client: non-existent
]]></system-err>
  </testcase>
  <testcase name="testConcurrentConnectionHandling" classname="com.xiangqi.server.network.GameServerTest" time="6.213">
    <system-err><![CDATA[12月 16, 2025 10:11:04 下午 com.xiangqi.server.network.GameServer startServer
信息: Game server started on port 8892
12月 16, 2025 10:11:04 下午 com.xiangqi.server.network.GameServer acceptConnections
信息: New client connection: client-1 from /127.0.0.1:10480
12月 16, 2025 10:11:04 下午 com.xiangqi.server.network.ClientHandler initialize
信息: Client handler initialized for client: client-1
12月 16, 2025 10:11:04 下午 com.xiangqi.server.network.GameServer acceptConnections
信息: New client connection: client-2 from /127.0.0.1:10479
12月 16, 2025 10:11:04 下午 com.xiangqi.server.network.ClientHandler initialize
信息: Client handler initialized for client: client-2
12月 16, 2025 10:11:04 下午 com.xiangqi.server.network.ClientHandler run
信息: Client handler started for: client-1
12月 16, 2025 10:11:04 下午 com.xiangqi.server.network.ClientHandler run
信息: Client handler started for: client-2
12月 16, 2025 10:11:05 下午 com.xiangqi.server.network.ClientHandler run
警告: Error receiving message from client client-1
java.io.EOFException
	at java.base/java.io.ObjectInputStream$BlockDataInputStream.peekByte(ObjectInputStream.java:3232)
	at java.base/java.io.ObjectInputStream.readObject0(ObjectInputStream.java:1713)
	at java.base/java.io.ObjectInputStream.readObject(ObjectInputStream.java:540)
	at java.base/java.io.ObjectInputStream.readObject(ObjectInputStream.java:498)
	at com.xiangqi.server.network.ClientHandler.run(ClientHandler.java:87)
	at java.base/java.util.concurrent.ThreadPoolExecutor.runWorker(ThreadPoolExecutor.java:1144)
	at java.base/java.util.concurrent.ThreadPoolExecutor$Worker.run(ThreadPoolExecutor.java:642)
	at java.base/java.lang.Thread.run(Thread.java:1583)

12月 16, 2025 10:11:05 下午 com.xiangqi.server.network.ClientHandler run
警告: Error receiving message from client client-2
java.io.EOFException
	at java.base/java.io.ObjectInputStream$BlockDataInputStream.peekByte(ObjectInputStream.java:3232)
	at java.base/java.io.ObjectInputStream.readObject0(ObjectInputStream.java:1713)
	at java.base/java.io.ObjectInputStream.readObject(ObjectInputStream.java:540)
	at java.base/java.io.ObjectInputStream.readObject(ObjectInputStream.java:498)
	at com.xiangqi.server.network.ClientHandler.run(ClientHandler.java:87)
	at java.base/java.util.concurrent.ThreadPoolExecutor.runWorker(ThreadPoolExecutor.java:1144)
	at java.base/java.util.concurrent.ThreadPoolExecutor$Worker.run(ThreadPoolExecutor.java:642)
	at java.base/java.lang.Thread.run(Thread.java:1583)

12月 16, 2025 10:11:05 下午 com.xiangqi.server.network.GameServer removeClient
信息: Removed client: client-2
12月 16, 2025 10:11:05 下午 com.xiangqi.server.network.ClientHandler run
信息: Client handler stopped for: client-2
12月 16, 2025 10:11:05 下午 com.xiangqi.server.network.GameServer removeClient
信息: Removed client: client-1
12月 16, 2025 10:11:05 下午 com.xiangqi.server.network.ClientHandler run
信息: Client handler stopped for: client-1
12月 16, 2025 10:11:05 下午 com.xiangqi.server.network.GameServer stopServer
信息: Game server stopped
12月 16, 2025 10:11:05 下午 com.xiangqi.server.network.GameServer startServer
信息: Game server started on port 8895
12月 16, 2025 10:11:06 下午 com.xiangqi.server.network.GameServer acceptConnections
信息: New client connection: client-1 from /127.0.0.1:10481
12月 16, 2025 10:11:06 下午 com.xiangqi.server.network.ClientHandler initialize
信息: Client handler initialized for client: client-1
12月 16, 2025 10:11:06 下午 com.xiangqi.server.network.GameServer acceptConnections
信息: New client connection: client-2 from /127.0.0.1:10482
12月 16, 2025 10:11:06 下午 com.xiangqi.server.network.ClientHandler initialize
信息: Client handler initialized for client: client-2
12月 16, 2025 10:11:06 下午 com.xiangqi.server.network.GameServer acceptConnections
信息: New client connection: client-3 from /127.0.0.1:10483
12月 16, 2025 10:11:06 下午 com.xiangqi.server.network.ClientHandler initialize
信息: Client handler initialized for client: client-3
12月 16, 2025 10:11:06 下午 com.xiangqi.server.network.GameServer acceptConnections
信息: New client connection: client-4 from /127.0.0.1:10484
12月 16, 2025 10:11:06 下午 com.xiangqi.server.network.ClientHandler run
信息: Client handler started for: client-1
12月 16, 2025 10:11:06 下午 com.xiangqi.server.network.ClientHandler initialize
信息: Client handler initialized for client: client-4
12月 16, 2025 10:11:06 下午 com.xiangqi.server.network.GameServer acceptConnections
信息: New client connection: client-5 from /127.0.0.1:10485
12月 16, 2025 10:11:06 下午 com.xiangqi.server.network.ClientHandler initialize
信息: Client handler initialized for client: client-5
12月 16, 2025 10:11:06 下午 com.xiangqi.server.network.ClientHandler run
信息: Client handler started for: client-2
12月 16, 2025 10:11:06 下午 com.xiangqi.server.network.ClientHandler run
信息: Client handler started for: client-3
12月 16, 2025 10:11:06 下午 com.xiangqi.server.network.ClientHandler run
信息: Client handler started for: client-4
12月 16, 2025 10:11:06 下午 com.xiangqi.server.network.ClientHandler run
信息: Client handler started for: client-5
12月 16, 2025 10:11:06 下午 com.xiangqi.server.network.ClientHandler run
警告: Error receiving message from client client-1
java.io.EOFException
	at java.base/java.io.ObjectInputStream$BlockDataInputStream.peekByte(ObjectInputStream.java:3232)
	at java.base/java.io.ObjectInputStream.readObject0(ObjectInputStream.java:1713)
	at java.base/java.io.ObjectInputStream.readObject(ObjectInputStream.java:540)
	at java.base/java.io.ObjectInputStream.readObject(ObjectInputStream.java:498)
	at com.xiangqi.server.network.ClientHandler.run(ClientHandler.java:87)
	at java.base/java.util.concurrent.ThreadPoolExecutor.runWorker(ThreadPoolExecutor.java:1144)
	at java.base/java.util.concurrent.ThreadPoolExecutor$Worker.run(ThreadPoolExecutor.java:642)
	at java.base/java.lang.Thread.run(Thread.java:1583)

12月 16, 2025 10:11:06 下午 com.xiangqi.server.network.ClientHandler run
警告: Error receiving message from client client-2
java.io.EOFException
	at java.base/java.io.ObjectInputStream$BlockDataInputStream.peekByte(ObjectInputStream.java:3232)
	at java.base/java.io.ObjectInputStream.readObject0(ObjectInputStream.java:1713)
	at java.base/java.io.ObjectInputStream.readObject(ObjectInputStream.java:540)
	at java.base/java.io.ObjectInputStream.readObject(ObjectInputStream.java:498)
	at com.xiangqi.server.network.ClientHandler.run(ClientHandler.java:87)
	at java.base/java.util.concurrent.ThreadPoolExecutor.runWorker(ThreadPoolExecutor.java:1144)
	at java.base/java.util.concurrent.ThreadPoolExecutor$Worker.run(ThreadPoolExecutor.java:642)
	at java.base/java.lang.Thread.run(Thread.java:1583)

12月 16, 2025 10:11:06 下午 com.xiangqi.server.network.ClientHandler run
警告: Error receiving message from client client-3
java.io.EOFException
	at java.base/java.io.ObjectInputStream$BlockDataInputStream.peekByte(ObjectInputStream.java:3232)
	at java.base/java.io.ObjectInputStream.readObject0(ObjectInputStream.java:1713)
	at java.base/java.io.ObjectInputStream.readObject(ObjectInputStream.java:540)
	at java.base/java.io.ObjectInputStream.readObject(ObjectInputStream.java:498)
	at com.xiangqi.server.network.ClientHandler.run(ClientHandler.java:87)
	at java.base/java.util.concurrent.ThreadPoolExecutor.runWorker(ThreadPoolExecutor.java:1144)
	at java.base/java.util.concurrent.ThreadPoolExecutor$Worker.run(ThreadPoolExecutor.java:642)
	at java.base/java.lang.Thread.run(Thread.java:1583)

12月 16, 2025 10:11:06 下午 com.xiangqi.server.network.ClientHandler run
警告: Error receiving message from client client-4
java.io.EOFException
	at java.base/java.io.ObjectInputStream$BlockDataInputStream.peekByte(ObjectInputStream.java:3232)
	at java.base/java.io.ObjectInputStream.readObject0(ObjectInputStream.java:1713)
	at java.base/java.io.ObjectInputStream.readObject(ObjectInputStream.java:540)
	at java.base/java.io.ObjectInputStream.readObject(ObjectInputStream.java:498)
	at com.xiangqi.server.network.ClientHandler.run(ClientHandler.java:87)
	at java.base/java.util.concurrent.ThreadPoolExecutor.runWorker(ThreadPoolExecutor.java:1144)
	at java.base/java.util.concurrent.ThreadPoolExecutor$Worker.run(ThreadPoolExecutor.java:642)
	at java.base/java.lang.Thread.run(Thread.java:1583)

12月 16, 2025 10:11:06 下午 com.xiangqi.server.network.GameServer removeClient
信息: Removed client: client-4
12月 16, 2025 10:11:06 下午 com.xiangqi.server.network.ClientHandler run
信息: Client handler stopped for: client-4
12月 16, 2025 10:11:06 下午 com.xiangqi.server.network.ClientHandler run
警告: Error receiving message from client client-5
java.io.EOFException
	at java.base/java.io.ObjectInputStream$BlockDataInputStream.peekByte(ObjectInputStream.java:3232)
	at java.base/java.io.ObjectInputStream.readObject0(ObjectInputStream.java:1713)
	at java.base/java.io.ObjectInputStream.readObject(ObjectInputStream.java:540)
	at java.base/java.io.ObjectInputStream.readObject(ObjectInputStream.java:498)
	at com.xiangqi.server.network.ClientHandler.run(ClientHandler.java:87)
	at java.base/java.util.concurrent.ThreadPoolExecutor.runWorker(ThreadPoolExecutor.java:1144)
	at java.base/java.util.concurrent.ThreadPoolExecutor$Worker.run(ThreadPoolExecutor.java:642)
	at java.base/java.lang.Thread.run(Thread.java:1583)

12月 16, 2025 10:11:06 下午 com.xiangqi.server.network.GameServer removeClient
信息: Removed client: client-2
12月 16, 2025 10:11:06 下午 com.xiangqi.server.network.GameServer removeClient
信息: Removed client: client-1
12月 16, 2025 10:11:06 下午 com.xiangqi.server.network.ClientHandler run
信息: Client handler stopped for: client-1
12月 16, 2025 10:11:06 下午 com.xiangqi.server.network.GameServer removeClient
信息: Removed client: client-3
12月 16, 2025 10:11:06 下午 com.xiangqi.server.network.ClientHandler run
信息: Client handler stopped for: client-3
12月 16, 2025 10:11:06 下午 com.xiangqi.server.network.GameServer removeClient
信息: Removed client: client-5
12月 16, 2025 10:11:06 下午 com.xiangqi.server.network.ClientHandler run
信息: Client handler stopped for: client-2
12月 16, 2025 10:11:06 下午 com.xiangqi.server.network.ClientHandler run
信息: Client handler stopped for: client-5
12月 16, 2025 10:11:07 下午 com.xiangqi.server.network.GameServer stopServer
信息: Game server stopped
12月 16, 2025 10:11:07 下午 com.xiangqi.server.network.GameServer startServer
信息: Game server started on port 8898
12月 16, 2025 10:11:07 下午 com.xiangqi.server.network.GameServer acceptConnections
信息: New client connection: client-1 from /127.0.0.1:10488
12月 16, 2025 10:11:07 下午 com.xiangqi.server.network.ClientHandler initialize
信息: Client handler initialized for client: client-1
12月 16, 2025 10:11:07 下午 com.xiangqi.server.network.GameServer acceptConnections
信息: New client connection: client-2 from /127.0.0.1:10489
12月 16, 2025 10:11:07 下午 com.xiangqi.server.network.ClientHandler initialize
信息: Client handler initialized for client: client-2
12月 16, 2025 10:11:07 下午 com.xiangqi.server.network.GameServer acceptConnections
信息: New client connection: client-3 from /127.0.0.1:10486
12月 16, 2025 10:11:07 下午 com.xiangqi.server.network.ClientHandler initialize
信息: Client handler initialized for client: client-3
12月 16, 2025 10:11:07 下午 com.xiangqi.server.network.GameServer acceptConnections
信息: New client connection: client-4 from /127.0.0.1:10487
12月 16, 2025 10:11:07 下午 com.xiangqi.server.network.ClientHandler run
信息: Client handler started for: client-1
12月 16, 2025 10:11:07 下午 com.xiangqi.server.network.ClientHandler initialize
信息: Client handler initialized for client: client-4
12月 16, 2025 10:11:07 下午 com.xiangqi.server.network.ClientHandler run
信息: Client handler started for: client-3
12月 16, 2025 10:11:07 下午 com.xiangqi.server.network.ClientHandler run
信息: Client handler started for: client-2
12月 16, 2025 10:11:07 下午 com.xiangqi.server.network.GameServer acceptConnections
信息: New client connection: client-5 from /127.0.0.1:10490
12月 16, 2025 10:11:07 下午 com.xiangqi.server.network.ClientHandler initialize
信息: Client handler initialized for client: client-5
12月 16, 2025 10:11:07 下午 com.xiangqi.server.network.ClientHandler run
信息: Client handler started for: client-4
12月 16, 2025 10:11:07 下午 com.xiangqi.server.network.ClientHandler run
信息: Client handler started for: client-5
12月 16, 2025 10:11:07 下午 com.xiangqi.server.network.GameServer acceptConnections
信息: New client connection: client-6 from /127.0.0.1:10491
12月 16, 2025 10:11:07 下午 com.xiangqi.server.network.ClientHandler initialize
信息: Client handler initialized for client: client-6
12月 16, 2025 10:11:07 下午 com.xiangqi.server.network.GameServer acceptConnections
信息: New client connection: client-7 from /127.0.0.1:10492
12月 16, 2025 10:11:07 下午 com.xiangqi.server.network.ClientHandler initialize
信息: Client handler initialized for client: client-7
12月 16, 2025 10:11:07 下午 com.xiangqi.server.network.GameServer acceptConnections
信息: New client connection: client-8 from /127.0.0.1:10493
12月 16, 2025 10:11:07 下午 com.xiangqi.server.network.ClientHandler initialize
信息: Client handler initialized for client: client-8
12月 16, 2025 10:11:07 下午 com.xiangqi.server.network.ClientHandler run
信息: Client handler started for: client-6
12月 16, 2025 10:11:07 下午 com.xiangqi.server.network.ClientHandler run
信息: Client handler started for: client-7
12月 16, 2025 10:11:07 下午 com.xiangqi.server.network.ClientHandler run
信息: Client handler started for: client-8
12月 16, 2025 10:11:08 下午 com.xiangqi.server.network.ClientHandler run
警告: Error receiving message from client client-1
java.io.EOFException
	at java.base/java.io.ObjectInputStream$BlockDataInputStream.peekByte(ObjectInputStream.java:3232)
	at java.base/java.io.ObjectInputStream.readObject0(ObjectInputStream.java:1713)
	at java.base/java.io.ObjectInputStream.readObject(ObjectInputStream.java:540)
	at java.base/java.io.ObjectInputStream.readObject(ObjectInputStream.java:498)
	at com.xiangqi.server.network.ClientHandler.run(ClientHandler.java:87)
	at java.base/java.util.concurrent.ThreadPoolExecutor.runWorker(ThreadPoolExecutor.java:1144)
	at java.base/java.util.concurrent.ThreadPoolExecutor$Worker.run(ThreadPoolExecutor.java:642)
	at java.base/java.lang.Thread.run(Thread.java:1583)

12月 16, 2025 10:11:08 下午 com.xiangqi.server.network.ClientHandler run
警告: Error receiving message from client client-2
java.io.EOFException
	at java.base/java.io.ObjectInputStream$BlockDataInputStream.peekByte(ObjectInputStream.java:3232)
	at java.base/java.io.ObjectInputStream.readObject0(ObjectInputStream.java:1713)
	at java.base/java.io.ObjectInputStream.readObject(ObjectInputStream.java:540)
	at java.base/java.io.ObjectInputStream.readObject(ObjectInputStream.java:498)
	at com.xiangqi.server.network.ClientHandler.run(ClientHandler.java:87)
	at java.base/java.util.concurrent.ThreadPoolExecutor.runWorker(ThreadPoolExecutor.java:1144)
	at java.base/java.util.concurrent.ThreadPoolExecutor$Worker.run(ThreadPoolExecutor.java:642)
	at java.base/java.lang.Thread.run(Thread.java:1583)

12月 16, 2025 10:11:08 下午 com.xiangqi.server.network.GameServer removeClient
信息: Removed client: client-2
12月 16, 2025 10:11:08 下午 com.xiangqi.server.network.ClientHandler run
信息: Client handler stopped for: client-2
12月 16, 2025 10:11:08 下午 com.xiangqi.server.network.ClientHandler run
警告: Error receiving message from client client-3
java.io.EOFException
	at java.base/java.io.ObjectInputStream$BlockDataInputStream.peekByte(ObjectInputStream.java:3232)
	at java.base/java.io.ObjectInputStream.readObject0(ObjectInputStream.java:1713)
	at java.base/java.io.ObjectInputStream.readObject(ObjectInputStream.java:540)
	at java.base/java.io.ObjectInputStream.readObject(ObjectInputStream.java:498)
	at com.xiangqi.server.network.ClientHandler.run(ClientHandler.java:87)
	at java.base/java.util.concurrent.ThreadPoolExecutor.runWorker(ThreadPoolExecutor.java:1144)
	at java.base/java.util.concurrent.ThreadPoolExecutor$Worker.run(ThreadPoolExecutor.java:642)
	at java.base/java.lang.Thread.run(Thread.java:1583)

12月 16, 2025 10:11:08 下午 com.xiangqi.server.network.ClientHandler run
警告: Error receiving message from client client-4
java.io.EOFException
	at java.base/java.io.ObjectInputStream$BlockDataInputStream.peekByte(ObjectInputStream.java:3232)
	at java.base/java.io.ObjectInputStream.readObject0(ObjectInputStream.java:1713)
	at java.base/java.io.ObjectInputStream.readObject(ObjectInputStream.java:540)
	at java.base/java.io.ObjectInputStream.readObject(ObjectInputStream.java:498)
	at com.xiangqi.server.network.ClientHandler.run(ClientHandler.java:87)
	at java.base/java.util.concurrent.ThreadPoolExecutor.runWorker(ThreadPoolExecutor.java:1144)
	at java.base/java.util.concurrent.ThreadPoolExecutor$Worker.run(ThreadPoolExecutor.java:642)
	at java.base/java.lang.Thread.run(Thread.java:1583)

12月 16, 2025 10:11:08 下午 com.xiangqi.server.network.ClientHandler run
警告: Error receiving message from client client-5
java.io.EOFException
	at java.base/java.io.ObjectInputStream$BlockDataInputStream.peekByte(ObjectInputStream.java:3232)
	at java.base/java.io.ObjectInputStream.readObject0(ObjectInputStream.java:1713)
	at java.base/java.io.ObjectInputStream.readObject(ObjectInputStream.java:540)
	at java.base/java.io.ObjectInputStream.readObject(ObjectInputStream.java:498)
	at com.xiangqi.server.network.ClientHandler.run(ClientHandler.java:87)
	at java.base/java.util.concurrent.ThreadPoolExecutor.runWorker(ThreadPoolExecutor.java:1144)
	at java.base/java.util.concurrent.ThreadPoolExecutor$Worker.run(ThreadPoolExecutor.java:642)
	at java.base/java.lang.Thread.run(Thread.java:1583)

12月 16, 2025 10:11:08 下午 com.xiangqi.server.network.GameServer removeClient
信息: Removed client: client-1
12月 16, 2025 10:11:08 下午 com.xiangqi.server.network.ClientHandler run
信息: Client handler stopped for: client-1
12月 16, 2025 10:11:08 下午 com.xiangqi.server.network.ClientHandler run
警告: Error receiving message from client client-6
java.io.EOFException
	at java.base/java.io.ObjectInputStream$BlockDataInputStream.peekByte(ObjectInputStream.java:3232)
	at java.base/java.io.ObjectInputStream.readObject0(ObjectInputStream.java:1713)
	at java.base/java.io.ObjectInputStream.readObject(ObjectInputStream.java:540)
	at java.base/java.io.ObjectInputStream.readObject(ObjectInputStream.java:498)
	at com.xiangqi.server.network.ClientHandler.run(ClientHandler.java:87)
	at java.base/java.util.concurrent.ThreadPoolExecutor.runWorker(ThreadPoolExecutor.java:1144)
	at java.base/java.util.concurrent.ThreadPoolExecutor$Worker.run(ThreadPoolExecutor.java:642)
	at java.base/java.lang.Thread.run(Thread.java:1583)

12月 16, 2025 10:11:08 下午 com.xiangqi.server.network.ClientHandler run
警告: Error receiving message from client client-7
java.io.EOFException
	at java.base/java.io.ObjectInputStream$BlockDataInputStream.peekByte(ObjectInputStream.java:3232)
	at java.base/java.io.ObjectInputStream.readObject0(ObjectInputStream.java:1713)
	at java.base/java.io.ObjectInputStream.readObject(ObjectInputStream.java:540)
	at java.base/java.io.ObjectInputStream.readObject(ObjectInputStream.java:498)
	at com.xiangqi.server.network.ClientHandler.run(ClientHandler.java:87)
	at java.base/java.util.concurrent.ThreadPoolExecutor.runWorker(ThreadPoolExecutor.java:1144)
	at java.base/java.util.concurrent.ThreadPoolExecutor$Worker.run(ThreadPoolExecutor.java:642)
	at java.base/java.lang.Thread.run(Thread.java:1583)

12月 16, 2025 10:11:08 下午 com.xiangqi.server.network.GameServer removeClient
信息: Removed client: client-7
12月 16, 2025 10:11:08 下午 com.xiangqi.server.network.ClientHandler run
信息: Client handler stopped for: client-7
12月 16, 2025 10:11:08 下午 com.xiangqi.server.network.GameServer removeClient
信息: Removed client: client-6
12月 16, 2025 10:11:08 下午 com.xiangqi.server.network.ClientHandler run
信息: Client handler stopped for: client-6
12月 16, 2025 10:11:08 下午 com.xiangqi.server.network.ClientHandler run
警告: Error receiving message from client client-8
java.io.EOFException
	at java.base/java.io.ObjectInputStream$BlockDataInputStream.peekByte(ObjectInputStream.java:3232)
	at java.base/java.io.ObjectInputStream.readObject0(ObjectInputStream.java:1713)
	at java.base/java.io.ObjectInputStream.readObject(ObjectInputStream.java:540)
	at java.base/java.io.ObjectInputStream.readObject(ObjectInputStream.java:498)
	at com.xiangqi.server.network.ClientHandler.run(ClientHandler.java:87)
	at java.base/java.util.concurrent.ThreadPoolExecutor.runWorker(ThreadPoolExecutor.java:1144)
	at java.base/java.util.concurrent.ThreadPoolExecutor$Worker.run(ThreadPoolExecutor.java:642)
	at java.base/java.lang.Thread.run(Thread.java:1583)

12月 16, 2025 10:11:08 下午 com.xiangqi.server.network.GameServer removeClient
信息: Removed client: client-8
12月 16, 2025 10:11:08 下午 com.xiangqi.server.network.ClientHandler run
信息: Client handler stopped for: client-8
12月 16, 2025 10:11:08 下午 com.xiangqi.server.network.GameServer removeClient
信息: Removed client: client-3
12月 16, 2025 10:11:08 下午 com.xiangqi.server.network.ClientHandler run
信息: Client handler stopped for: client-3
12月 16, 2025 10:11:08 下午 com.xiangqi.server.network.GameServer removeClient
信息: Removed client: client-4
12月 16, 2025 10:11:08 下午 com.xiangqi.server.network.ClientHandler run
信息: Client handler stopped for: client-4
12月 16, 2025 10:11:08 下午 com.xiangqi.server.network.GameServer removeClient
信息: Removed client: client-5
12月 16, 2025 10:11:08 下午 com.xiangqi.server.network.ClientHandler run
信息: Client handler stopped for: client-5
12月 16, 2025 10:11:08 下午 com.xiangqi.server.network.GameServer stopServer
信息: Game server stopped
12月 16, 2025 10:11:08 下午 com.xiangqi.server.network.GameServer startServer
信息: Game server started on port 8900
12月 16, 2025 10:11:08 下午 com.xiangqi.server.network.GameServer acceptConnections
信息: New client connection: client-1 from /127.0.0.1:10494
12月 16, 2025 10:11:08 下午 com.xiangqi.server.network.ClientHandler initialize
信息: Client handler initialized for client: client-1
12月 16, 2025 10:11:08 下午 com.xiangqi.server.network.GameServer acceptConnections
信息: New client connection: client-2 from /127.0.0.1:10496
12月 16, 2025 10:11:08 下午 com.xiangqi.server.network.ClientHandler initialize
信息: Client handler initialized for client: client-2
12月 16, 2025 10:11:08 下午 com.xiangqi.server.network.GameServer acceptConnections
信息: New client connection: client-3 from /127.0.0.1:10495
12月 16, 2025 10:11:08 下午 com.xiangqi.server.network.ClientHandler initialize
信息: Client handler initialized for client: client-3
12月 16, 2025 10:11:08 下午 com.xiangqi.server.network.GameServer acceptConnections
信息: New client connection: client-4 from /127.0.0.1:10497
12月 16, 2025 10:11:08 下午 com.xiangqi.server.network.ClientHandler initialize
信息: Client handler initialized for client: client-4
12月 16, 2025 10:11:08 下午 com.xiangqi.server.network.GameServer acceptConnections
信息: New client connection: client-5 from /127.0.0.1:10498
12月 16, 2025 10:11:08 下午 com.xiangqi.server.network.ClientHandler initialize
信息: Client handler initialized for client: client-5
12月 16, 2025 10:11:08 下午 com.xiangqi.server.network.GameServer acceptConnections
信息: New client connection: client-6 from /127.0.0.1:10499
12月 16, 2025 10:11:08 下午 com.xiangqi.server.network.ClientHandler initialize
信息: Client handler initialized for client: client-6
12月 16, 2025 10:11:08 下午 com.xiangqi.server.network.GameServer acceptConnections
信息: New client connection: client-7 from /127.0.0.1:10500
12月 16, 2025 10:11:08 下午 com.xiangqi.server.network.ClientHandler initialize
信息: Client handler initialized for client: client-7
12月 16, 2025 10:11:08 下午 com.xiangqi.server.network.GameServer acceptConnections
信息: New client connection: client-8 from /127.0.0.1:10501
12月 16, 2025 10:11:08 下午 com.xiangqi.server.network.ClientHandler run
信息: Client handler started for: client-1
12月 16, 2025 10:11:08 下午 com.xiangqi.server.network.ClientHandler initialize
信息: Client handler initialized for client: client-8
12月 16, 2025 10:11:08 下午 com.xiangqi.server.network.ClientHandler run
信息: Client handler started for: client-2
12月 16, 2025 10:11:08 下午 com.xiangqi.server.network.GameServer acceptConnections
信息: New client connection: client-9 from /127.0.0.1:10502
12月 16, 2025 10:11:08 下午 com.xiangqi.server.network.ClientHandler initialize
信息: Client handler initialized for client: client-9
12月 16, 2025 10:11:08 下午 com.xiangqi.server.network.GameServer acceptConnections
信息: New client connection: client-10 from /127.0.0.1:10503
12月 16, 2025 10:11:08 下午 com.xiangqi.server.network.ClientHandler run
信息: Client handler started for: client-8
12月 16, 2025 10:11:08 下午 com.xiangqi.server.network.ClientHandler initialize
信息: Client handler initialized for client: client-10
12月 16, 2025 10:11:08 下午 com.xiangqi.server.network.ClientHandler run
信息: Client handler started for: client-4
12月 16, 2025 10:11:08 下午 com.xiangqi.server.network.ClientHandler run
信息: Client handler started for: client-5
12月 16, 2025 10:11:08 下午 com.xiangqi.server.network.ClientHandler run
信息: Client handler started for: client-6
12月 16, 2025 10:11:08 下午 com.xiangqi.server.network.ClientHandler run
信息: Client handler started for: client-7
12月 16, 2025 10:11:08 下午 com.xiangqi.server.network.ClientHandler run
信息: Client handler started for: client-3
12月 16, 2025 10:11:08 下午 com.xiangqi.server.network.ClientHandler run
信息: Client handler started for: client-9
12月 16, 2025 10:11:08 下午 com.xiangqi.server.network.ClientHandler run
信息: Client handler started for: client-10
12月 16, 2025 10:11:09 下午 com.xiangqi.server.network.ClientHandler run
警告: Error receiving message from client client-1
java.io.EOFException
	at java.base/java.io.ObjectInputStream$BlockDataInputStream.peekByte(ObjectInputStream.java:3232)
	at java.base/java.io.ObjectInputStream.readObject0(ObjectInputStream.java:1713)
	at java.base/java.io.ObjectInputStream.readObject(ObjectInputStream.java:540)
	at java.base/java.io.ObjectInputStream.readObject(ObjectInputStream.java:498)
	at com.xiangqi.server.network.ClientHandler.run(ClientHandler.java:87)
	at java.base/java.util.concurrent.ThreadPoolExecutor.runWorker(ThreadPoolExecutor.java:1144)
	at java.base/java.util.concurrent.ThreadPoolExecutor$Worker.run(ThreadPoolExecutor.java:642)
	at java.base/java.lang.Thread.run(Thread.java:1583)

12月 16, 2025 10:11:09 下午 com.xiangqi.server.network.ClientHandler run
警告: Error receiving message from client client-3
java.io.EOFException
	at java.base/java.io.ObjectInputStream$BlockDataInputStream.peekByte(ObjectInputStream.java:3232)
	at java.base/java.io.ObjectInputStream.readObject0(ObjectInputStream.java:1713)
	at java.base/java.io.ObjectInputStream.readObject(ObjectInputStream.java:540)
	at java.base/java.io.ObjectInputStream.readObject(ObjectInputStream.java:498)
	at com.xiangqi.server.network.ClientHandler.run(ClientHandler.java:87)
	at java.base/java.util.concurrent.ThreadPoolExecutor.runWorker(ThreadPoolExecutor.java:1144)
	at java.base/java.util.concurrent.ThreadPoolExecutor$Worker.run(ThreadPoolExecutor.java:642)
	at java.base/java.lang.Thread.run(Thread.java:1583)

12月 16, 2025 10:11:09 下午 com.xiangqi.server.network.ClientHandler run
警告: Error receiving message from client client-4
java.io.EOFException
	at java.base/java.io.ObjectInputStream$BlockDataInputStream.peekByte(ObjectInputStream.java:3232)
	at java.base/java.io.ObjectInputStream.readObject0(ObjectInputStream.java:1713)
	at java.base/java.io.ObjectInputStream.readObject(ObjectInputStream.java:540)
	at java.base/java.io.ObjectInputStream.readObject(ObjectInputStream.java:498)
	at com.xiangqi.server.network.ClientHandler.run(ClientHandler.java:87)
	at java.base/java.util.concurrent.ThreadPoolExecutor.runWorker(ThreadPoolExecutor.java:1144)
	at java.base/java.util.concurrent.ThreadPoolExecutor$Worker.run(ThreadPoolExecutor.java:642)
	at java.base/java.lang.Thread.run(Thread.java:1583)

12月 16, 2025 10:11:09 下午 com.xiangqi.server.network.GameServer removeClient
信息: Removed client: client-4
12月 16, 2025 10:11:09 下午 com.xiangqi.server.network.ClientHandler run
信息: Client handler stopped for: client-4
12月 16, 2025 10:11:09 下午 com.xiangqi.server.network.GameServer removeClient
信息: Removed client: client-3
12月 16, 2025 10:11:09 下午 com.xiangqi.server.network.ClientHandler run
信息: Client handler stopped for: client-3
12月 16, 2025 10:11:09 下午 com.xiangqi.server.network.ClientHandler run
警告: Error receiving message from client client-2
java.io.EOFException
	at java.base/java.io.ObjectInputStream$BlockDataInputStream.peekByte(ObjectInputStream.java:3232)
	at java.base/java.io.ObjectInputStream.readObject0(ObjectInputStream.java:1713)
	at java.base/java.io.ObjectInputStream.readObject(ObjectInputStream.java:540)
	at java.base/java.io.ObjectInputStream.readObject(ObjectInputStream.java:498)
	at com.xiangqi.server.network.ClientHandler.run(ClientHandler.java:87)
	at java.base/java.util.concurrent.ThreadPoolExecutor.runWorker(ThreadPoolExecutor.java:1144)
	at java.base/java.util.concurrent.ThreadPoolExecutor$Worker.run(ThreadPoolExecutor.java:642)
	at java.base/java.lang.Thread.run(Thread.java:1583)

12月 16, 2025 10:11:09 下午 com.xiangqi.server.network.ClientHandler run
警告: Error receiving message from client client-6
java.io.EOFException
	at java.base/java.io.ObjectInputStream$BlockDataInputStream.peekByte(ObjectInputStream.java:3232)
	at java.base/java.io.ObjectInputStream.readObject0(ObjectInputStream.java:1713)
	at java.base/java.io.ObjectInputStream.readObject(ObjectInputStream.java:540)
	at java.base/java.io.ObjectInputStream.readObject(ObjectInputStream.java:498)
	at com.xiangqi.server.network.ClientHandler.run(ClientHandler.java:87)
	at java.base/java.util.concurrent.ThreadPoolExecutor.runWorker(ThreadPoolExecutor.java:1144)
	at java.base/java.util.concurrent.ThreadPoolExecutor$Worker.run(ThreadPoolExecutor.java:642)
	at java.base/java.lang.Thread.run(Thread.java:1583)

12月 16, 2025 10:11:09 下午 com.xiangqi.server.network.ClientHandler run
警告: Error receiving message from client client-5
java.io.EOFException
	at java.base/java.io.ObjectInputStream$BlockDataInputStream.peekByte(ObjectInputStream.java:3232)
	at java.base/java.io.ObjectInputStream.readObject0(ObjectInputStream.java:1713)
	at java.base/java.io.ObjectInputStream.readObject(ObjectInputStream.java:540)
	at java.base/java.io.ObjectInputStream.readObject(ObjectInputStream.java:498)
	at com.xiangqi.server.network.ClientHandler.run(ClientHandler.java:87)
	at java.base/java.util.concurrent.ThreadPoolExecutor.runWorker(ThreadPoolExecutor.java:1144)
	at java.base/java.util.concurrent.ThreadPoolExecutor$Worker.run(ThreadPoolExecutor.java:642)
	at java.base/java.lang.Thread.run(Thread.java:1583)

12月 16, 2025 10:11:09 下午 com.xiangqi.server.network.GameServer removeClient
信息: Removed client: client-6
12月 16, 2025 10:11:09 下午 com.xiangqi.server.network.ClientHandler run
信息: Client handler stopped for: client-6
12月 16, 2025 10:11:09 下午 com.xiangqi.server.network.GameServer removeClient
信息: Removed client: client-1
12月 16, 2025 10:11:09 下午 com.xiangqi.server.network.ClientHandler run
警告: Error receiving message from client client-7
java.io.EOFException
	at java.base/java.io.ObjectInputStream$BlockDataInputStream.peekByte(ObjectInputStream.java:3232)
	at java.base/java.io.ObjectInputStream.readObject0(ObjectInputStream.java:1713)
	at java.base/java.io.ObjectInputStream.readObject(ObjectInputStream.java:540)
	at java.base/java.io.ObjectInputStream.readObject(ObjectInputStream.java:498)
	at com.xiangqi.server.network.ClientHandler.run(ClientHandler.java:87)
	at java.base/java.util.concurrent.ThreadPoolExecutor.runWorker(ThreadPoolExecutor.java:1144)
	at java.base/java.util.concurrent.ThreadPoolExecutor$Worker.run(ThreadPoolExecutor.java:642)
	at java.base/java.lang.Thread.run(Thread.java:1583)

12月 16, 2025 10:11:09 下午 com.xiangqi.server.network.ClientHandler run
警告: Error receiving message from client client-8
java.io.EOFException
	at java.base/java.io.ObjectInputStream$BlockDataInputStream.peekByte(ObjectInputStream.java:3232)
	at java.base/java.io.ObjectInputStream.readObject0(ObjectInputStream.java:1713)
	at java.base/java.io.ObjectInputStream.readObject(ObjectInputStream.java:540)
	at java.base/java.io.ObjectInputStream.readObject(ObjectInputStream.java:498)
	at com.xiangqi.server.network.ClientHandler.run(ClientHandler.java:87)
	at java.base/java.util.concurrent.ThreadPoolExecutor.runWorker(ThreadPoolExecutor.java:1144)
	at java.base/java.util.concurrent.ThreadPoolExecutor$Worker.run(ThreadPoolExecutor.java:642)
	at java.base/java.lang.Thread.run(Thread.java:1583)

12月 16, 2025 10:11:09 下午 com.xiangqi.server.network.GameServer removeClient
信息: Removed client: client-7
12月 16, 2025 10:11:09 下午 com.xiangqi.server.network.ClientHandler run
信息: Client handler stopped for: client-7
12月 16, 2025 10:11:09 下午 com.xiangqi.server.network.ClientHandler run
警告: Error receiving message from client client-9
java.io.EOFException
	at java.base/java.io.ObjectInputStream$BlockDataInputStream.peekByte(ObjectInputStream.java:3232)
	at java.base/java.io.ObjectInputStream.readObject0(ObjectInputStream.java:1713)
	at java.base/java.io.ObjectInputStream.readObject(ObjectInputStream.java:540)
	at java.base/java.io.ObjectInputStream.readObject(ObjectInputStream.java:498)
	at com.xiangqi.server.network.ClientHandler.run(ClientHandler.java:87)
	at java.base/java.util.concurrent.ThreadPoolExecutor.runWorker(ThreadPoolExecutor.java:1144)
	at java.base/java.util.concurrent.ThreadPoolExecutor$Worker.run(ThreadPoolExecutor.java:642)
	at java.base/java.lang.Thread.run(Thread.java:1583)

12月 16, 2025 10:11:09 下午 com.xiangqi.server.network.GameServer removeClient
信息: Removed client: client-9
12月 16, 2025 10:11:09 下午 com.xiangqi.server.network.ClientHandler run
信息: Client handler stopped for: client-9
12月 16, 2025 10:11:09 下午 com.xiangqi.server.network.ClientHandler run
警告: Error receiving message from client client-10
java.io.EOFException
	at java.base/java.io.ObjectInputStream$BlockDataInputStream.peekByte(ObjectInputStream.java:3232)
	at java.base/java.io.ObjectInputStream.readObject0(ObjectInputStream.java:1713)
	at java.base/java.io.ObjectInputStream.readObject(ObjectInputStream.java:540)
	at java.base/java.io.ObjectInputStream.readObject(ObjectInputStream.java:498)
	at com.xiangqi.server.network.ClientHandler.run(ClientHandler.java:87)
	at java.base/java.util.concurrent.ThreadPoolExecutor.runWorker(ThreadPoolExecutor.java:1144)
	at java.base/java.util.concurrent.ThreadPoolExecutor$Worker.run(ThreadPoolExecutor.java:642)
	at java.base/java.lang.Thread.run(Thread.java:1583)

12月 16, 2025 10:11:09 下午 com.xiangqi.server.network.GameServer removeClient
信息: Removed client: client-10
12月 16, 2025 10:11:09 下午 com.xiangqi.server.network.ClientHandler run
信息: Client handler stopped for: client-10
12月 16, 2025 10:11:09 下午 com.xiangqi.server.network.GameServer removeClient
信息: Removed client: client-2
12月 16, 2025 10:11:09 下午 com.xiangqi.server.network.ClientHandler run
信息: Client handler stopped for: client-2
12月 16, 2025 10:11:09 下午 com.xiangqi.server.network.GameServer removeClient
信息: Removed client: client-5
12月 16, 2025 10:11:09 下午 com.xiangqi.server.network.ClientHandler run
信息: Client handler stopped for: client-5
12月 16, 2025 10:11:09 下午 com.xiangqi.server.network.ClientHandler run
信息: Client handler stopped for: client-1
12月 16, 2025 10:11:09 下午 com.xiangqi.server.network.GameServer removeClient
信息: Removed client: client-8
12月 16, 2025 10:11:09 下午 com.xiangqi.server.network.ClientHandler run
信息: Client handler stopped for: client-8
12月 16, 2025 10:11:09 下午 com.xiangqi.server.network.GameServer stopServer
信息: Game server stopped
12月 16, 2025 10:11:09 下午 com.xiangqi.server.network.GameServer startServer
信息: Game server started on port 8905
12月 16, 2025 10:11:09 下午 com.xiangqi.server.network.GameServer acceptConnections
信息: New client connection: client-1 from /127.0.0.1:10505
12月 16, 2025 10:11:09 下午 com.xiangqi.server.network.ClientHandler initialize
信息: Client handler initialized for client: client-1
12月 16, 2025 10:11:09 下午 com.xiangqi.server.network.GameServer acceptConnections
信息: New client connection: client-2 from /127.0.0.1:10504
12月 16, 2025 10:11:09 下午 com.xiangqi.server.network.ClientHandler initialize
信息: Client handler initialized for client: client-2
12月 16, 2025 10:11:09 下午 com.xiangqi.server.network.GameServer acceptConnections
信息: New client connection: client-3 from /127.0.0.1:10506
12月 16, 2025 10:11:09 下午 com.xiangqi.server.network.ClientHandler initialize
信息: Client handler initialized for client: client-3
12月 16, 2025 10:11:09 下午 com.xiangqi.server.network.GameServer acceptConnections
信息: New client connection: client-4 from /127.0.0.1:10507
12月 16, 2025 10:11:09 下午 com.xiangqi.server.network.ClientHandler initialize
信息: Client handler initialized for client: client-4
12月 16, 2025 10:11:09 下午 com.xiangqi.server.network.GameServer acceptConnections
信息: New client connection: client-5 from /127.0.0.1:10508
12月 16, 2025 10:11:09 下午 com.xiangqi.server.network.ClientHandler initialize
信息: Client handler initialized for client: client-5
12月 16, 2025 10:11:09 下午 com.xiangqi.server.network.ClientHandler run
信息: Client handler started for: client-1
12月 16, 2025 10:11:09 下午 com.xiangqi.server.network.GameServer acceptConnections
信息: New client connection: client-6 from /127.0.0.1:10509
12月 16, 2025 10:11:09 下午 com.xiangqi.server.network.ClientHandler run
信息: Client handler started for: client-5
12月 16, 2025 10:11:09 下午 com.xiangqi.server.network.ClientHandler run
信息: Client handler started for: client-3
12月 16, 2025 10:11:09 下午 com.xiangqi.server.network.ClientHandler initialize
信息: Client handler initialized for client: client-6
12月 16, 2025 10:11:09 下午 com.xiangqi.server.network.GameServer acceptConnections
信息: New client connection: client-7 from /127.0.0.1:10510
12月 16, 2025 10:11:09 下午 com.xiangqi.server.network.ClientHandler initialize
信息: Client handler initialized for client: client-7
12月 16, 2025 10:11:09 下午 com.xiangqi.server.network.GameServer acceptConnections
信息: New client connection: client-8 from /127.0.0.1:10511
12月 16, 2025 10:11:09 下午 com.xiangqi.server.network.ClientHandler initialize
信息: Client handler initialized for client: client-8
12月 16, 2025 10:11:09 下午 com.xiangqi.server.network.GameServer acceptConnections
信息: New client connection: client-9 from /127.0.0.1:10512
12月 16, 2025 10:11:09 下午 com.xiangqi.server.network.ClientHandler initialize
信息: Client handler initialized for client: client-9
12月 16, 2025 10:11:09 下午 com.xiangqi.server.network.GameServer acceptConnections
信息: New client connection: client-10 from /127.0.0.1:10513
12月 16, 2025 10:11:09 下午 com.xiangqi.server.network.ClientHandler initialize
信息: Client handler initialized for client: client-10
12月 16, 2025 10:11:09 下午 com.xiangqi.server.network.GameServer acceptConnections
信息: New client connection: client-11 from /127.0.0.1:10514
12月 16, 2025 10:11:09 下午 com.xiangqi.server.network.ClientHandler initialize
信息: Client handler initialized for client: client-11
12月 16, 2025 10:11:09 下午 com.xiangqi.server.network.GameServer acceptConnections
信息: New client connection: client-12 from /127.0.0.1:10515
12月 16, 2025 10:11:09 下午 com.xiangqi.server.network.ClientHandler initialize
信息: Client handler initialized for client: client-12
12月 16, 2025 10:11:09 下午 com.xiangqi.server.network.GameServer acceptConnections
信息: New client connection: client-13 from /127.0.0.1:10516
12月 16, 2025 10:11:09 下午 com.xiangqi.server.network.ClientHandler initialize
信息: Client handler initialized for client: client-13
12月 16, 2025 10:11:09 下午 com.xiangqi.server.network.ClientHandler run
信息: Client handler started for: client-12
12月 16, 2025 10:11:09 下午 com.xiangqi.server.network.GameServer acceptConnections
信息: New client connection: client-14 from /127.0.0.1:10517
12月 16, 2025 10:11:09 下午 com.xiangqi.server.network.ClientHandler initialize
信息: Client handler initialized for client: client-14
12月 16, 2025 10:11:09 下午 com.xiangqi.server.network.ClientHandler run
信息: Client handler started for: client-4
12月 16, 2025 10:11:09 下午 com.xiangqi.server.network.GameServer acceptConnections
信息: New client connection: client-15 from /127.0.0.1:10518
12月 16, 2025 10:11:09 下午 com.xiangqi.server.network.ClientHandler initialize
信息: Client handler initialized for client: client-15
12月 16, 2025 10:11:09 下午 com.xiangqi.server.network.ClientHandler run
信息: Client handler started for: client-6
12月 16, 2025 10:11:09 下午 com.xiangqi.server.network.ClientHandler run
信息: Client handler started for: client-7
12月 16, 2025 10:11:09 下午 com.xiangqi.server.network.ClientHandler run
信息: Client handler started for: client-8
12月 16, 2025 10:11:09 下午 com.xiangqi.server.network.ClientHandler run
信息: Client handler started for: client-9
12月 16, 2025 10:11:09 下午 com.xiangqi.server.network.ClientHandler run
信息: Client handler started for: client-10
12月 16, 2025 10:11:09 下午 com.xiangqi.server.network.ClientHandler run
信息: Client handler started for: client-11
12月 16, 2025 10:11:09 下午 com.xiangqi.server.network.ClientHandler run
信息: Client handler started for: client-13
12月 16, 2025 10:11:09 下午 com.xiangqi.server.network.ClientHandler run
信息: Client handler started for: client-2
12月 16, 2025 10:11:09 下午 com.xiangqi.server.network.ClientHandler run
信息: Client handler started for: client-14
12月 16, 2025 10:11:09 下午 com.xiangqi.server.network.ClientHandler run
信息: Client handler started for: client-15
12月 16, 2025 10:11:10 下午 com.xiangqi.server.network.ClientHandler run
警告: Error receiving message from client client-1
java.io.EOFException
	at java.base/java.io.ObjectInputStream$BlockDataInputStream.peekByte(ObjectInputStream.java:3232)
	at java.base/java.io.ObjectInputStream.readObject0(ObjectInputStream.java:1713)
	at java.base/java.io.ObjectInputStream.readObject(ObjectInputStream.java:540)
	at java.base/java.io.ObjectInputStream.readObject(ObjectInputStream.java:498)
	at com.xiangqi.server.network.ClientHandler.run(ClientHandler.java:87)
	at java.base/java.util.concurrent.ThreadPoolExecutor.runWorker(ThreadPoolExecutor.java:1144)
	at java.base/java.util.concurrent.ThreadPoolExecutor$Worker.run(ThreadPoolExecutor.java:642)
	at java.base/java.lang.Thread.run(Thread.java:1583)

12月 16, 2025 10:11:10 下午 com.xiangqi.server.network.GameServer removeClient
信息: Removed client: client-1
12月 16, 2025 10:11:10 下午 com.xiangqi.server.network.ClientHandler run
信息: Client handler stopped for: client-1
12月 16, 2025 10:11:10 下午 com.xiangqi.server.network.ClientHandler run
警告: Error receiving message from client client-2
java.io.EOFException
	at java.base/java.io.ObjectInputStream$BlockDataInputStream.peekByte(ObjectInputStream.java:3232)
	at java.base/java.io.ObjectInputStream.readObject0(ObjectInputStream.java:1713)
	at java.base/java.io.ObjectInputStream.readObject(ObjectInputStream.java:540)
	at java.base/java.io.ObjectInputStream.readObject(ObjectInputStream.java:498)
	at com.xiangqi.server.network.ClientHandler.run(ClientHandler.java:87)
	at java.base/java.util.concurrent.ThreadPoolExecutor.runWorker(ThreadPoolExecutor.java:1144)
	at java.base/java.util.concurrent.ThreadPoolExecutor$Worker.run(ThreadPoolExecutor.java:642)
	at java.base/java.lang.Thread.run(Thread.java:1583)

12月 16, 2025 10:11:10 下午 com.xiangqi.server.network.GameServer removeClient
信息: Removed client: client-2
12月 16, 2025 10:11:10 下午 com.xiangqi.server.network.ClientHandler run
信息: Client handler stopped for: client-2
12月 16, 2025 10:11:10 下午 com.xiangqi.server.network.ClientHandler run
警告: Error receiving message from client client-3
java.io.EOFException
	at java.base/java.io.ObjectInputStream$BlockDataInputStream.peekByte(ObjectInputStream.java:3232)
	at java.base/java.io.ObjectInputStream.readObject0(ObjectInputStream.java:1713)
	at java.base/java.io.ObjectInputStream.readObject(ObjectInputStream.java:540)
	at java.base/java.io.ObjectInputStream.readObject(ObjectInputStream.java:498)
	at com.xiangqi.server.network.ClientHandler.run(ClientHandler.java:87)
	at java.base/java.util.concurrent.ThreadPoolExecutor.runWorker(ThreadPoolExecutor.java:1144)
	at java.base/java.util.concurrent.ThreadPoolExecutor$Worker.run(ThreadPoolExecutor.java:642)
	at java.base/java.lang.Thread.run(Thread.java:1583)

12月 16, 2025 10:11:10 下午 com.xiangqi.server.network.ClientHandler run
警告: Error receiving message from client client-4
java.io.EOFException
	at java.base/java.io.ObjectInputStream$BlockDataInputStream.peekByte(ObjectInputStream.java:3232)
	at java.base/java.io.ObjectInputStream.readObject0(ObjectInputStream.java:1713)
	at java.base/java.io.ObjectInputStream.readObject(ObjectInputStream.java:540)
	at java.base/java.io.ObjectInputStream.readObject(ObjectInputStream.java:498)
	at com.xiangqi.server.network.ClientHandler.run(ClientHandler.java:87)
	at java.base/java.util.concurrent.ThreadPoolExecutor.runWorker(ThreadPoolExecutor.java:1144)
	at java.base/java.util.concurrent.ThreadPoolExecutor$Worker.run(ThreadPoolExecutor.java:642)
	at java.base/java.lang.Thread.run(Thread.java:1583)

12月 16, 2025 10:11:10 下午 com.xiangqi.server.network.ClientHandler run
警告: Error receiving message from client client-5
java.io.EOFException
	at java.base/java.io.ObjectInputStream$BlockDataInputStream.peekByte(ObjectInputStream.java:3232)
	at java.base/java.io.ObjectInputStream.readObject0(ObjectInputStream.java:1713)
	at java.base/java.io.ObjectInputStream.readObject(ObjectInputStream.java:540)
	at java.base/java.io.ObjectInputStream.readObject(ObjectInputStream.java:498)
	at com.xiangqi.server.network.ClientHandler.run(ClientHandler.java:87)
	at java.base/java.util.concurrent.ThreadPoolExecutor.runWorker(ThreadPoolExecutor.java:1144)
	at java.base/java.util.concurrent.ThreadPoolExecutor$Worker.run(ThreadPoolExecutor.java:642)
	at java.base/java.lang.Thread.run(Thread.java:1583)

12月 16, 2025 10:11:10 下午 com.xiangqi.server.network.ClientHandler run
警告: Error receiving message from client client-6
java.io.EOFException
	at java.base/java.io.ObjectInputStream$BlockDataInputStream.peekByte(ObjectInputStream.java:3232)
	at java.base/java.io.ObjectInputStream.readObject0(ObjectInputStream.java:1713)
	at java.base/java.io.ObjectInputStream.readObject(ObjectInputStream.java:540)
	at java.base/java.io.ObjectInputStream.readObject(ObjectInputStream.java:498)
	at com.xiangqi.server.network.ClientHandler.run(ClientHandler.java:87)
	at java.base/java.util.concurrent.ThreadPoolExecutor.runWorker(ThreadPoolExecutor.java:1144)
	at java.base/java.util.concurrent.ThreadPoolExecutor$Worker.run(ThreadPoolExecutor.java:642)
	at java.base/java.lang.Thread.run(Thread.java:1583)

12月 16, 2025 10:11:10 下午 com.xiangqi.server.network.ClientHandler run
警告: Error receiving message from client client-9
java.io.EOFException
	at java.base/java.io.ObjectInputStream$BlockDataInputStream.peekByte(ObjectInputStream.java:3232)
	at java.base/java.io.ObjectInputStream.readObject0(ObjectInputStream.java:1713)
	at java.base/java.io.ObjectInputStream.readObject(ObjectInputStream.java:540)
	at java.base/java.io.ObjectInputStream.readObject(ObjectInputStream.java:498)
	at com.xiangqi.server.network.ClientHandler.run(ClientHandler.java:87)
	at java.base/java.util.concurrent.ThreadPoolExecutor.runWorker(ThreadPoolExecutor.java:1144)
	at java.base/java.util.concurrent.ThreadPoolExecutor$Worker.run(ThreadPoolExecutor.java:642)
	at java.base/java.lang.Thread.run(Thread.java:1583)

12月 16, 2025 10:11:10 下午 com.xiangqi.server.network.ClientHandler run
警告: Error receiving message from client client-10
java.io.EOFException
	at java.base/java.io.ObjectInputStream$BlockDataInputStream.peekByte(ObjectInputStream.java:3232)
	at java.base/java.io.ObjectInputStream.readObject0(ObjectInputStream.java:1713)
	at java.base/java.io.ObjectInputStream.readObject(ObjectInputStream.java:540)
	at java.base/java.io.ObjectInputStream.readObject(ObjectInputStream.java:498)
	at com.xiangqi.server.network.ClientHandler.run(ClientHandler.java:87)
	at java.base/java.util.concurrent.ThreadPoolExecutor.runWorker(ThreadPoolExecutor.java:1144)
	at java.base/java.util.concurrent.ThreadPoolExecutor$Worker.run(ThreadPoolExecutor.java:642)
	at java.base/java.lang.Thread.run(Thread.java:1583)

12月 16, 2025 10:11:10 下午 com.xiangqi.server.network.GameServer removeClient
信息: Removed client: client-10
12月 16, 2025 10:11:10 下午 com.xiangqi.server.network.ClientHandler run
信息: Client handler stopped for: client-10
12月 16, 2025 10:11:10 下午 com.xiangqi.server.network.GameServer removeClient
信息: Removed client: client-9
12月 16, 2025 10:11:10 下午 com.xiangqi.server.network.ClientHandler run
信息: Client handler stopped for: client-9
12月 16, 2025 10:11:10 下午 com.xiangqi.server.network.ClientHandler run
警告: Error receiving message from client client-13
java.io.EOFException
	at java.base/java.io.ObjectInputStream$BlockDataInputStream.peekByte(ObjectInputStream.java:3232)
	at java.base/java.io.ObjectInputStream.readObject0(ObjectInputStream.java:1713)
	at java.base/java.io.ObjectInputStream.readObject(ObjectInputStream.java:540)
	at java.base/java.io.ObjectInputStream.readObject(ObjectInputStream.java:498)
	at com.xiangqi.server.network.ClientHandler.run(ClientHandler.java:87)
	at java.base/java.util.concurrent.ThreadPoolExecutor.runWorker(ThreadPoolExecutor.java:1144)
	at java.base/java.util.concurrent.ThreadPoolExecutor$Worker.run(ThreadPoolExecutor.java:642)
	at java.base/java.lang.Thread.run(Thread.java:1583)

12月 16, 2025 10:11:10 下午 com.xiangqi.server.network.ClientHandler run
警告: Error receiving message from client client-14
java.io.EOFException
	at java.base/java.io.ObjectInputStream$BlockDataInputStream.peekByte(ObjectInputStream.java:3232)
	at java.base/java.io.ObjectInputStream.readObject0(ObjectInputStream.java:1713)
	at java.base/java.io.ObjectInputStream.readObject(ObjectInputStream.java:540)
	at java.base/java.io.ObjectInputStream.readObject(ObjectInputStream.java:498)
	at com.xiangqi.server.network.ClientHandler.run(ClientHandler.java:87)
	at java.base/java.util.concurrent.ThreadPoolExecutor.runWorker(ThreadPoolExecutor.java:1144)
	at java.base/java.util.concurrent.ThreadPoolExecutor$Worker.run(ThreadPoolExecutor.java:642)
	at java.base/java.lang.Thread.run(Thread.java:1583)

12月 16, 2025 10:11:10 下午 com.xiangqi.server.network.ClientHandler run
警告: Error receiving message from client client-15
java.io.EOFException
	at java.base/java.io.ObjectInputStream$BlockDataInputStream.peekByte(ObjectInputStream.java:3232)
	at java.base/java.io.ObjectInputStream.readObject0(ObjectInputStream.java:1713)
	at java.base/java.io.ObjectInputStream.readObject(ObjectInputStream.java:540)
	at java.base/java.io.ObjectInputStream.readObject(ObjectInputStream.java:498)
	at com.xiangqi.server.network.ClientHandler.run(ClientHandler.java:87)
	at java.base/java.util.concurrent.ThreadPoolExecutor.runWorker(ThreadPoolExecutor.java:1144)
	at java.base/java.util.concurrent.ThreadPoolExecutor$Worker.run(ThreadPoolExecutor.java:642)
	at java.base/java.lang.Thread.run(Thread.java:1583)

12月 16, 2025 10:11:10 下午 com.xiangqi.server.network.ClientHandler run
警告: Error receiving message from client client-7
java.io.EOFException
	at java.base/java.io.ObjectInputStream$BlockDataInputStream.peekByte(ObjectInputStream.java:3232)
	at java.base/java.io.ObjectInputStream.readObject0(ObjectInputStream.java:1713)
	at java.base/java.io.ObjectInputStream.readObject(ObjectInputStream.java:540)
	at java.base/java.io.ObjectInputStream.readObject(ObjectInputStream.java:498)
	at com.xiangqi.server.network.ClientHandler.run(ClientHandler.java:87)
	at java.base/java.util.concurrent.ThreadPoolExecutor.runWorker(ThreadPoolExecutor.java:1144)
	at java.base/java.util.concurrent.ThreadPoolExecutor$Worker.run(ThreadPoolExecutor.java:642)
	at java.base/java.lang.Thread.run(Thread.java:1583)

12月 16, 2025 10:11:10 下午 com.xiangqi.server.network.ClientHandler run
警告: Error receiving message from client client-8
java.io.EOFException
	at java.base/java.io.ObjectInputStream$BlockDataInputStream.peekByte(ObjectInputStream.java:3232)
	at java.base/java.io.ObjectInputStream.readObject0(ObjectInputStream.java:1713)
	at java.base/java.io.ObjectInputStream.readObject(ObjectInputStream.java:540)
	at java.base/java.io.ObjectInputStream.readObject(ObjectInputStream.java:498)
	at com.xiangqi.server.network.ClientHandler.run(ClientHandler.java:87)
	at java.base/java.util.concurrent.ThreadPoolExecutor.runWorker(ThreadPoolExecutor.java:1144)
	at java.base/java.util.concurrent.ThreadPoolExecutor$Worker.run(ThreadPoolExecutor.java:642)
	at java.base/java.lang.Thread.run(Thread.java:1583)

12月 16, 2025 10:11:10 下午 com.xiangqi.server.network.GameServer removeClient
信息: Removed client: client-8
12月 16, 2025 10:11:10 下午 com.xiangqi.server.network.ClientHandler run
信息: Client handler stopped for: client-8
12月 16, 2025 10:11:10 下午 com.xiangqi.server.network.ClientHandler run
警告: Error receiving message from client client-11
java.io.EOFException
	at java.base/java.io.ObjectInputStream$BlockDataInputStream.peekByte(ObjectInputStream.java:3232)
	at java.base/java.io.ObjectInputStream.readObject0(ObjectInputStream.java:1713)
	at java.base/java.io.ObjectInputStream.readObject(ObjectInputStream.java:540)
	at java.base/java.io.ObjectInputStream.readObject(ObjectInputStream.java:498)
	at com.xiangqi.server.network.ClientHandler.run(ClientHandler.java:87)
	at java.base/java.util.concurrent.ThreadPoolExecutor.runWorker(ThreadPoolExecutor.java:1144)
	at java.base/java.util.concurrent.ThreadPoolExecutor$Worker.run(ThreadPoolExecutor.java:642)
	at java.base/java.lang.Thread.run(Thread.java:1583)

12月 16, 2025 10:11:10 下午 com.xiangqi.server.network.GameServer removeClient
信息: Removed client: client-11
12月 16, 2025 10:11:10 下午 com.xiangqi.server.network.ClientHandler run
信息: Client handler stopped for: client-11
12月 16, 2025 10:11:10 下午 com.xiangqi.server.network.ClientHandler run
警告: Error receiving message from client client-12
java.io.EOFException
	at java.base/java.io.ObjectInputStream$BlockDataInputStream.peekByte(ObjectInputStream.java:3232)
	at java.base/java.io.ObjectInputStream.readObject0(ObjectInputStream.java:1713)
	at java.base/java.io.ObjectInputStream.readObject(ObjectInputStream.java:540)
	at java.base/java.io.ObjectInputStream.readObject(ObjectInputStream.java:498)
	at com.xiangqi.server.network.ClientHandler.run(ClientHandler.java:87)
	at java.base/java.util.concurrent.ThreadPoolExecutor.runWorker(ThreadPoolExecutor.java:1144)
	at java.base/java.util.concurrent.ThreadPoolExecutor$Worker.run(ThreadPoolExecutor.java:642)
	at java.base/java.lang.Thread.run(Thread.java:1583)

12月 16, 2025 10:11:10 下午 com.xiangqi.server.network.GameServer removeClient
信息: Removed client: client-12
12月 16, 2025 10:11:10 下午 com.xiangqi.server.network.ClientHandler run
信息: Client handler stopped for: client-12
12月 16, 2025 10:11:10 下午 com.xiangqi.server.network.GameServer removeClient
信息: Removed client: client-3
12月 16, 2025 10:11:10 下午 com.xiangqi.server.network.GameServer removeClient
信息: Removed client: client-4
12月 16, 2025 10:11:10 下午 com.xiangqi.server.network.ClientHandler run
信息: Client handler stopped for: client-4
12月 16, 2025 10:11:10 下午 com.xiangqi.server.network.ClientHandler run
信息: Client handler stopped for: client-3
12月 16, 2025 10:11:10 下午 com.xiangqi.server.network.GameServer removeClient
信息: Removed client: client-5
12月 16, 2025 10:11:10 下午 com.xiangqi.server.network.ClientHandler run
信息: Client handler stopped for: client-5
12月 16, 2025 10:11:10 下午 com.xiangqi.server.network.GameServer removeClient
信息: Removed client: client-6
12月 16, 2025 10:11:10 下午 com.xiangqi.server.network.ClientHandler run
信息: Client handler stopped for: client-6
12月 16, 2025 10:11:10 下午 com.xiangqi.server.network.GameServer removeClient
信息: Removed client: client-13
12月 16, 2025 10:11:10 下午 com.xiangqi.server.network.ClientHandler run
信息: Client handler stopped for: client-13
12月 16, 2025 10:11:10 下午 com.xiangqi.server.network.GameServer removeClient
信息: Removed client: client-14
12月 16, 2025 10:11:10 下午 com.xiangqi.server.network.ClientHandler run
信息: Client handler stopped for: client-14
12月 16, 2025 10:11:10 下午 com.xiangqi.server.network.GameServer removeClient
信息: Removed client: client-15
12月 16, 2025 10:11:10 下午 com.xiangqi.server.network.ClientHandler run
信息: Client handler stopped for: client-15
12月 16, 2025 10:11:10 下午 com.xiangqi.server.network.GameServer removeClient
信息: Removed client: client-7
12月 16, 2025 10:11:10 下午 com.xiangqi.server.network.ClientHandler run
信息: Client handler stopped for: client-7
12月 16, 2025 10:11:10 下午 com.xiangqi.server.network.GameServer stopServer
信息: Game server stopped
]]></system-err>
  </testcase>
  <testcase name="testLoginHandling" classname="com.xiangqi.server.network.GameServerTest" time="0.004"/>
  <testcase name="testServerStartTwice" classname="com.xiangqi.server.network.GameServerTest" time="0.003">
    <system-err><![CDATA[12月 16, 2025 10:11:10 下午 com.xiangqi.server.network.GameServer startServer
信息: Game server started on port 8889
12月 16, 2025 10:11:10 下午 com.xiangqi.server.network.GameServer startServer
警告: Server is already running
12月 16, 2025 10:11:10 下午 com.xiangqi.server.network.GameServer stopServer
信息: Game server stopped
]]></system-err>
  </testcase>
</testsuite>