<?xml version="1.0" encoding="UTF-8"?>
<testsuite xmlns:xsi="http://www.w3.org/2001/XMLSchema-instance" xsi:noNamespaceSchemaLocation="https://maven.apache.org/surefire/maven-surefire-plugin/xsd/surefire-test-report-3.0.xsd" version="3.0" name="com.xiangqi.server.network.ConcurrentConnectionPropertyTest" time="3.946" tests="1" errors="0" skipped="0" failures="0">
  <properties>
[...]
</properties>
  <testcase name="testConcurrentConnectionHandlingProperty" classname="com.xiangqi.server.network.ConcurrentConnectionPropertyTest" time="3.915">
    <system-out><![CDATA[Testing concurrent connections with count: 2
Testing concurrent connections with count: 5
Testing concurrent connections with count: 10
]]></system-out>
    <system-err><![CDATA[12月 17, 2025 6:16:59 下午 com.xiangqi.server.network.GameServer startServer
信息: Game server started on port 9020
12月 17, 2025 6:16:59 下午 com.xiangqi.server.network.GameServer acceptConnections
信息: New client connection: client-1 from /127.0.0.1:9366
12月 17, 2025 6:16:59 下午 com.xiangqi.server.network.ClientHandler initialize
信息: Client handler initialized for client: client-1
12月 17, 2025 6:16:59 下午 com.xiangqi.server.network.GameServer acceptConnections
信息: New client connection: client-2 from /127.0.0.1:9367
12月 17, 2025 6:16:59 下午 com.xiangqi.server.network.ClientHandler run
信息: Client handler started for: client-1
12月 17, 2025 6:16:59 下午 com.xiangqi.server.network.ClientHandler initialize
信息: Client handler initialized for client: client-2
12月 17, 2025 6:16:59 下午 com.xiangqi.server.network.ClientHandler run
信息: Client handler started for: client-2
12月 17, 2025 6:17:00 下午 com.xiangqi.server.network.GameServer stopServer
信息: Game server stopped
12月 17, 2025 6:17:00 下午 com.xiangqi.server.network.ClientHandler run
信息: Client handler stopped for: client-2
12月 17, 2025 6:17:00 下午 com.xiangqi.server.network.ClientHandler run
信息: Client handler stopped for: client-1
12月 17, 2025 6:17:00 下午 com.xiangqi.server.network.GameServer startServer
信息: Game server started on port 9050
12月 17, 2025 6:17:00 下午 com.xiangqi.server.network.GameServer acceptConnections
信息: New client connection: client-1 from /127.0.0.1:9371
12月 17, 2025 6:17:00 下午 com.xiangqi.server.network.ClientHandler initialize
信息: Client handler initialized for client: client-1
12月 17, 2025 6:17:00 下午 com.xiangqi.server.network.GameServer acceptConnections
信息: New client connection: client-2 from /127.0.0.1:9372
12月 17, 2025 6:17:00 下午 com.xiangqi.server.network.ClientHandler run
信息: Client handler started for: client-1
12月 17, 2025 6:17:00 下午 com.xiangqi.server.network.ClientHandler initialize
信息: Client handler initialized for client: client-2
12月 17, 2025 6:17:00 下午 com.xiangqi.server.network.GameServer acceptConnections
信息: New client connection: client-3 from /127.0.0.1:9373
12月 17, 2025 6:17:00 下午 com.xiangqi.server.network.ClientHandler run
信息: Client handler started for: client-2
12月 17, 2025 6:17:00 下午 com.xiangqi.server.network.ClientHandler initialize
信息: Client handler initialized for client: client-3
12月 17, 2025 6:17:00 下午 com.xiangqi.server.network.GameServer acceptConnections
信息: New client connection: client-4 from /127.0.0.1:9370
12月 17, 2025 6:17:00 下午 com.xiangqi.server.network.ClientHandler run
信息: Client handler started for: client-3
12月 17, 2025 6:17:00 下午 com.xiangqi.server.network.ClientHandler initialize
信息: Client handler initialized for client: client-4
12月 17, 2025 6:17:00 下午 com.xiangqi.server.network.GameServer acceptConnections
信息: New client connection: client-5 from /127.0.0.1:9374
12月 17, 2025 6:17:00 下午 com.xiangqi.server.network.ClientHandler run
信息: Client handler started for: client-4
12月 17, 2025 6:17:00 下午 com.xiangqi.server.network.ClientHandler initialize
信息: Client handler initialized for client: client-5
12月 17, 2025 6:17:00 下午 com.xiangqi.server.network.ClientHandler run
信息: Client handler started for: client-5
12月 17, 2025 6:17:01 下午 com.xiangqi.server.network.GameServer removeClient
信息: Removed client: client-2
12月 17, 2025 6:17:01 下午 com.xiangqi.server.network.ClientHandler run
信息: Client handler stopped for: client-2
12月 17, 2025 6:17:01 下午 com.xiangqi.server.network.GameServer removeClient
信息: Removed client: client-3
12月 17, 2025 6:17:01 下午 com.xiangqi.server.network.GameServer removeClient
信息: Removed client: client-5
12月 17, 2025 6:17:01 下午 com.xiangqi.server.network.GameServer stopServer
信息: Game server stopped
12月 17, 2025 6:17:01 下午 com.xiangqi.server.network.ClientHandler run
信息: Client handler stopped for: client-4
12月 17, 2025 6:17:01 下午 com.xiangqi.server.network.ClientHandler run
信息: Client handler stopped for: client-1
12月 17, 2025 6:17:01 下午 com.xiangqi.server.network.ClientHandler run
信息: Client handler stopped for: client-3
12月 17, 2025 6:17:01 下午 com.xiangqi.server.network.ClientHandler run
信息: Client handler stopped for: client-5
12月 17, 2025 6:17:01 下午 com.xiangqi.server.network.GameServer startServer
信息: Game server started on port 9100
12月 17, 2025 6:17:01 下午 com.xiangqi.server.network.GameServer acceptConnections
信息: New client connection: client-1 from /127.0.0.1:9387
12月 17, 2025 6:17:01 下午 com.xiangqi.server.network.ClientHandler initialize
信息: Client handler initialized for client: client-1
12月 17, 2025 6:17:01 下午 com.xiangqi.server.network.GameServer acceptConnections
信息: New client connection: client-2 from /127.0.0.1:9388
12月 17, 2025 6:17:01 下午 com.xiangqi.server.network.ClientHandler run
信息: Client handler started for: client-1
12月 17, 2025 6:17:01 下午 com.xiangqi.server.network.ClientHandler initialize
信息: Client handler initialized for client: client-2
12月 17, 2025 6:17:01 下午 com.xiangqi.server.network.GameServer acceptConnections
信息: New client connection: client-3 from /127.0.0.1:9391
12月 17, 2025 6:17:01 下午 com.xiangqi.server.network.ClientHandler run
信息: Client handler started for: client-2
12月 17, 2025 6:17:01 下午 com.xiangqi.server.network.ClientHandler initialize
信息: Client handler initialized for client: client-3
12月 17, 2025 6:17:01 下午 com.xiangqi.server.network.GameServer acceptConnections
信息: New client connection: client-4 from /127.0.0.1:9386
12月 17, 2025 6:17:01 下午 com.xiangqi.server.network.ClientHandler initialize
信息: Client handler initialized for client: client-4
12月 17, 2025 6:17:01 下午 com.xiangqi.server.network.GameServer acceptConnections
信息: New client connection: client-5 from /127.0.0.1:9389
12月 17, 2025 6:17:01 下午 com.xiangqi.server.network.ClientHandler initialize
信息: Client handler initialized for client: client-5
12月 17, 2025 6:17:01 下午 com.xiangqi.server.network.GameServer acceptConnections
信息: New client connection: client-6 from /127.0.0.1:9390
12月 17, 2025 6:17:01 下午 com.xiangqi.server.network.ClientHandler run
信息: Client handler started for: client-4
12月 17, 2025 6:17:01 下午 com.xiangqi.server.network.ClientHandler run
信息: Client handler started for: client-5
12月 17, 2025 6:17:01 下午 com.xiangqi.server.network.ClientHandler initialize
信息: Client handler initialized for client: client-6
12月 17, 2025 6:17:01 下午 com.xiangqi.server.network.ClientHandler run
信息: Client handler started for: client-3
12月 17, 2025 6:17:01 下午 com.xiangqi.server.network.GameServer acceptConnections
信息: New client connection: client-7 from /127.0.0.1:9393
12月 17, 2025 6:17:01 下午 com.xiangqi.server.network.ClientHandler initialize
信息: Client handler initialized for client: client-7
12月 17, 2025 6:17:01 下午 com.xiangqi.server.network.ClientHandler run
信息: Client handler started for: client-6
12月 17, 2025 6:17:01 下午 com.xiangqi.server.network.GameServer acceptConnections
信息: New client connection: client-8 from /127.0.0.1:9394
12月 17, 2025 6:17:01 下午 com.xiangqi.server.network.ClientHandler run
信息: Client handler started for: client-7
12月 17, 2025 6:17:01 下午 com.xiangqi.server.network.ClientHandler initialize
信息: Client handler initialized for client: client-8
12月 17, 2025 6:17:01 下午 com.xiangqi.server.network.GameServer acceptConnections
信息: New client connection: client-9 from /127.0.0.1:9392
12月 17, 2025 6:17:01 下午 com.xiangqi.server.network.ClientHandler run
信息: Client handler started for: client-8
12月 17, 2025 6:17:01 下午 com.xiangqi.server.network.ClientHandler initialize
信息: Client handler initialized for client: client-9
12月 17, 2025 6:17:01 下午 com.xiangqi.server.network.GameServer acceptConnections
信息: New client connection: client-10 from /127.0.0.1:9395
12月 17, 2025 6:17:01 下午 com.xiangqi.server.network.ClientHandler run
信息: Client handler started for: client-9
12月 17, 2025 6:17:01 下午 com.xiangqi.server.network.ClientHandler initialize
信息: Client handler initialized for client: client-10
12月 17, 2025 6:17:01 下午 com.xiangqi.server.network.ClientHandler run
信息: Client handler started for: client-10
12月 17, 2025 6:17:02 下午 com.xiangqi.server.network.GameServer removeClient
信息: Removed client: client-7
12月 17, 2025 6:17:02 下午 com.xiangqi.server.network.GameServer removeClient
信息: Removed client: client-10
12月 17, 2025 6:17:02 下午 com.xiangqi.server.network.ClientHandler run
信息: Client handler stopped for: client-10
12月 17, 2025 6:17:02 下午 com.xiangqi.server.network.GameServer removeClient
信息: Removed client: client-6
12月 17, 2025 6:17:02 下午 com.xiangqi.server.network.GameServer removeClient
信息: Removed client: client-9
12月 17, 2025 6:17:02 下午 com.xiangqi.server.network.ClientHandler run
信息: Client handler stopped for: client-7
12月 17, 2025 6:17:02 下午 com.xiangqi.server.network.GameServer removeClient
信息: Removed client: client-8
12月 17, 2025 6:17:02 下午 com.xiangqi.server.network.GameServer removeClient
信息: Removed client: client-3
12月 17, 2025 6:17:02 下午 com.xiangqi.server.network.ClientHandler run
信息: Client handler stopped for: client-3
12月 17, 2025 6:17:02 下午 com.xiangqi.server.network.GameServer removeClient
信息: Removed client: client-5
12月 17, 2025 6:17:02 下午 com.xiangqi.server.network.ClientHandler run
信息: Client handler stopped for: client-5
12月 17, 2025 6:17:02 下午 com.xiangqi.server.network.GameServer removeClient
信息: Removed client: client-2
12月 17, 2025 6:17:02 下午 com.xiangqi.server.network.ClientHandler run
信息: Client handler stopped for: client-2
12月 17, 2025 6:17:02 下午 com.xiangqi.server.network.GameServer stopServer
信息: Game server stopped
12月 17, 2025 6:17:02 下午 com.xiangqi.server.network.ClientHandler run
信息: Client handler stopped for: client-6
12月 17, 2025 6:17:02 下午 com.xiangqi.server.network.ClientHandler run
信息: Client handler stopped for: client-4
12月 17, 2025 6:17:02 下午 com.xiangqi.server.network.ClientHandler run
信息: Client handler stopped for: client-9
12月 17, 2025 6:17:02 下午 com.xiangqi.server.network.ClientHandler run
信息: Client handler stopped for: client-1
12月 17, 2025 6:17:02 下午 com.xiangqi.server.network.ClientHandler run
信息: Client handler stopped for: client-8
]]></system-err>
  </testcase>
</testsuite>